{"/home/serena/bootcamp/collab/skylab-bootcamp-201901/staff/serena-mejias/padelcat/padelcat-api/src/token-helper/index.spec.js":{"path":"/home/serena/bootcamp/collab/skylab-bootcamp-201901/staff/serena-mejias/padelcat/padelcat-api/src/token-helper/index.spec.js","statementMap":{},"fnMap":{},"branchMap":{},"s":{},"f":{},"b":{},"_coverageSchema":"43e27e138ebf9cfc5966b082cf9a028302ed4184","hash":"b790fbd15721c2f1058abb631b5b5116ee776c4d","contentHash":"ed84b322f6cfd05811fce02a77985b7ed39499ca7ef27fcd8c2c1a218554a1c8"},"/home/serena/bootcamp/collab/skylab-bootcamp-201901/staff/serena-mejias/padelcat/padelcat-api/src/logic/index.spec.js":{"path":"/home/serena/bootcamp/collab/skylab-bootcamp-201901/staff/serena-mejias/padelcat/padelcat-api/src/logic/index.spec.js","statementMap":{"0":{"start":{"line":3,"column":0},"end":{"line":3,"column":27}},"1":{"start":{"line":5,"column":0},"end":{"line":5,"column":28}},"2":{"start":{"line":11,"column":4},"end":{"line":11,"column":28}},"3":{"start":{"line":12,"column":15},"end":{"line":12,"column":32}},"4":{"start":{"line":13,"column":14},"end":{"line":13,"column":26}},"5":{"start":{"line":14,"column":15},"end":{"line":14,"column":32}},"6":{"start":{"line":15,"column":14},"end":{"line":15,"column":30}},"7":{"start":{"line":16,"column":16},"end":{"line":16,"column":34}},"8":{"start":{"line":20,"column":4},"end":{"line":20,"column":11}},"9":{"start":{"line":22,"column":0},"end":{"line":1512,"column":3}},"10":{"start":{"line":23,"column":2},"end":{"line":23,"column":73}},"11":{"start":{"line":23,"column":15},"end":{"line":23,"column":71}},"12":{"start":{"line":25,"column":2},"end":{"line":27,"column":4}},"13":{"start":{"line":26,"column":4},"end":{"line":26,"column":77}},"14":{"start":{"line":30,"column":4},"end":{"line":541,"column":7}},"15":{"start":{"line":31,"column":19},"end":{"line":31,"column":27}},"16":{"start":{"line":32,"column":22},"end":{"line":32,"column":29}},"17":{"start":{"line":33,"column":20},"end":{"line":33,"column":59}},"18":{"start":{"line":34,"column":23},"end":{"line":34,"column":45}},"19":{"start":{"line":35,"column":19},"end":{"line":35,"column":73}},"20":{"start":{"line":36,"column":31},"end":{"line":36,"column":37}},"21":{"start":{"line":38,"column":6},"end":{"line":60,"column":9}},"22":{"start":{"line":39,"column":19},"end":{"line":46,"column":9}},"23":{"start":{"line":48,"column":8},"end":{"line":48,"column":33}},"24":{"start":{"line":49,"column":8},"end":{"line":49,"column":41}},"25":{"start":{"line":51,"column":23},"end":{"line":51,"column":54}},"26":{"start":{"line":53,"column":8},"end":{"line":53,"column":39}},"27":{"start":{"line":54,"column":8},"end":{"line":54,"column":45}},"28":{"start":{"line":55,"column":8},"end":{"line":55,"column":41}},"29":{"start":{"line":57,"column":22},"end":{"line":57,"column":69}},"30":{"start":{"line":59,"column":8},"end":{"line":59,"column":35}},"31":{"start":{"line":62,"column":6},"end":{"line":80,"column":9}},"32":{"start":{"line":63,"column":21},"end":{"line":63,"column":30}},"33":{"start":{"line":64,"column":24},"end":{"line":64,"column":31}},"34":{"start":{"line":65,"column":22},"end":{"line":65,"column":44}},"35":{"start":{"line":66,"column":25},"end":{"line":66,"column":47}},"36":{"start":{"line":67,"column":21},"end":{"line":67,"column":75}},"37":{"start":{"line":68,"column":33},"end":{"line":68,"column":39}},"38":{"start":{"line":70,"column":8},"end":{"line":79,"column":55}},"39":{"start":{"line":71,"column":10},"end":{"line":78,"column":12}},"40":{"start":{"line":82,"column":6},"end":{"line":100,"column":9}},"41":{"start":{"line":83,"column":21},"end":{"line":83,"column":23}},"42":{"start":{"line":84,"column":24},"end":{"line":84,"column":31}},"43":{"start":{"line":85,"column":22},"end":{"line":85,"column":44}},"44":{"start":{"line":86,"column":25},"end":{"line":86,"column":47}},"45":{"start":{"line":87,"column":21},"end":{"line":87,"column":75}},"46":{"start":{"line":88,"column":33},"end":{"line":88,"column":39}},"47":{"start":{"line":90,"column":8},"end":{"line":99,"column":55}},"48":{"start":{"line":91,"column":10},"end":{"line":98,"column":12}},"49":{"start":{"line":102,"column":6},"end":{"line":120,"column":9}},"50":{"start":{"line":103,"column":21},"end":{"line":103,"column":25}},"51":{"start":{"line":104,"column":24},"end":{"line":104,"column":31}},"52":{"start":{"line":105,"column":22},"end":{"line":105,"column":44}},"53":{"start":{"line":106,"column":25},"end":{"line":106,"column":47}},"54":{"start":{"line":107,"column":21},"end":{"line":107,"column":75}},"55":{"start":{"line":108,"column":33},"end":{"line":108,"column":39}},"56":{"start":{"line":110,"column":8},"end":{"line":119,"column":55}},"57":{"start":{"line":111,"column":10},"end":{"line":118,"column":12}},"58":{"start":{"line":122,"column":6},"end":{"line":140,"column":9}},"59":{"start":{"line":123,"column":21},"end":{"line":123,"column":23}},"60":{"start":{"line":124,"column":24},"end":{"line":124,"column":31}},"61":{"start":{"line":125,"column":22},"end":{"line":125,"column":44}},"62":{"start":{"line":126,"column":25},"end":{"line":126,"column":47}},"63":{"start":{"line":127,"column":21},"end":{"line":127,"column":75}},"64":{"start":{"line":128,"column":33},"end":{"line":128,"column":39}},"65":{"start":{"line":130,"column":8},"end":{"line":139,"column":55}},"66":{"start":{"line":131,"column":10},"end":{"line":138,"column":12}},"67":{"start":{"line":142,"column":6},"end":{"line":160,"column":9}},"68":{"start":{"line":143,"column":21},"end":{"line":143,"column":23}},"69":{"start":{"line":144,"column":24},"end":{"line":144,"column":31}},"70":{"start":{"line":145,"column":22},"end":{"line":145,"column":44}},"71":{"start":{"line":146,"column":25},"end":{"line":146,"column":47}},"72":{"start":{"line":147,"column":21},"end":{"line":147,"column":75}},"73":{"start":{"line":148,"column":33},"end":{"line":148,"column":39}},"74":{"start":{"line":150,"column":8},"end":{"line":159,"column":55}},"75":{"start":{"line":151,"column":10},"end":{"line":158,"column":12}},"76":{"start":{"line":162,"column":6},"end":{"line":180,"column":9}},"77":{"start":{"line":163,"column":21},"end":{"line":163,"column":23}},"78":{"start":{"line":164,"column":24},"end":{"line":164,"column":31}},"79":{"start":{"line":165,"column":22},"end":{"line":165,"column":44}},"80":{"start":{"line":166,"column":25},"end":{"line":166,"column":47}},"81":{"start":{"line":167,"column":21},"end":{"line":167,"column":75}},"82":{"start":{"line":168,"column":33},"end":{"line":168,"column":39}},"83":{"start":{"line":170,"column":8},"end":{"line":179,"column":50}},"84":{"start":{"line":171,"column":10},"end":{"line":178,"column":12}},"85":{"start":{"line":182,"column":6},"end":{"line":200,"column":9}},"86":{"start":{"line":183,"column":21},"end":{"line":183,"column":29}},"87":{"start":{"line":184,"column":24},"end":{"line":184,"column":33}},"88":{"start":{"line":185,"column":22},"end":{"line":185,"column":44}},"89":{"start":{"line":186,"column":25},"end":{"line":186,"column":47}},"90":{"start":{"line":187,"column":21},"end":{"line":187,"column":75}},"91":{"start":{"line":188,"column":33},"end":{"line":188,"column":39}},"92":{"start":{"line":190,"column":8},"end":{"line":199,"column":58}},"93":{"start":{"line":191,"column":10},"end":{"line":198,"column":12}},"94":{"start":{"line":202,"column":6},"end":{"line":220,"column":9}},"95":{"start":{"line":203,"column":21},"end":{"line":203,"column":29}},"96":{"start":{"line":204,"column":24},"end":{"line":204,"column":26}},"97":{"start":{"line":205,"column":22},"end":{"line":205,"column":44}},"98":{"start":{"line":206,"column":25},"end":{"line":206,"column":47}},"99":{"start":{"line":207,"column":21},"end":{"line":207,"column":75}},"100":{"start":{"line":208,"column":33},"end":{"line":208,"column":39}},"101":{"start":{"line":210,"column":8},"end":{"line":219,"column":58}},"102":{"start":{"line":211,"column":10},"end":{"line":218,"column":12}},"103":{"start":{"line":222,"column":6},"end":{"line":240,"column":9}},"104":{"start":{"line":223,"column":21},"end":{"line":223,"column":29}},"105":{"start":{"line":224,"column":24},"end":{"line":224,"column":29}},"106":{"start":{"line":225,"column":22},"end":{"line":225,"column":44}},"107":{"start":{"line":226,"column":25},"end":{"line":226,"column":47}},"108":{"start":{"line":227,"column":21},"end":{"line":227,"column":75}},"109":{"start":{"line":228,"column":33},"end":{"line":228,"column":39}},"110":{"start":{"line":230,"column":8},"end":{"line":239,"column":58}},"111":{"start":{"line":231,"column":10},"end":{"line":238,"column":12}},"112":{"start":{"line":242,"column":6},"end":{"line":260,"column":9}},"113":{"start":{"line":243,"column":21},"end":{"line":243,"column":29}},"114":{"start":{"line":244,"column":24},"end":{"line":244,"column":26}},"115":{"start":{"line":245,"column":22},"end":{"line":245,"column":44}},"116":{"start":{"line":246,"column":25},"end":{"line":246,"column":47}},"117":{"start":{"line":247,"column":21},"end":{"line":247,"column":75}},"118":{"start":{"line":248,"column":33},"end":{"line":248,"column":39}},"119":{"start":{"line":250,"column":8},"end":{"line":259,"column":58}},"120":{"start":{"line":251,"column":10},"end":{"line":258,"column":12}},"121":{"start":{"line":262,"column":6},"end":{"line":280,"column":9}},"122":{"start":{"line":263,"column":21},"end":{"line":263,"column":29}},"123":{"start":{"line":264,"column":24},"end":{"line":264,"column":26}},"124":{"start":{"line":265,"column":22},"end":{"line":265,"column":44}},"125":{"start":{"line":266,"column":25},"end":{"line":266,"column":47}},"126":{"start":{"line":267,"column":21},"end":{"line":267,"column":75}},"127":{"start":{"line":268,"column":33},"end":{"line":268,"column":39}},"128":{"start":{"line":270,"column":8},"end":{"line":279,"column":58}},"129":{"start":{"line":271,"column":10},"end":{"line":278,"column":12}},"130":{"start":{"line":282,"column":6},"end":{"line":300,"column":9}},"131":{"start":{"line":283,"column":21},"end":{"line":283,"column":29}},"132":{"start":{"line":284,"column":24},"end":{"line":284,"column":26}},"133":{"start":{"line":285,"column":22},"end":{"line":285,"column":44}},"134":{"start":{"line":286,"column":25},"end":{"line":286,"column":47}},"135":{"start":{"line":287,"column":21},"end":{"line":287,"column":75}},"136":{"start":{"line":288,"column":33},"end":{"line":288,"column":39}},"137":{"start":{"line":290,"column":8},"end":{"line":299,"column":53}},"138":{"start":{"line":291,"column":10},"end":{"line":298,"column":12}},"139":{"start":{"line":302,"column":6},"end":{"line":320,"column":9}},"140":{"start":{"line":303,"column":21},"end":{"line":303,"column":29}},"141":{"start":{"line":304,"column":24},"end":{"line":304,"column":31}},"142":{"start":{"line":305,"column":22},"end":{"line":305,"column":31}},"143":{"start":{"line":306,"column":25},"end":{"line":306,"column":47}},"144":{"start":{"line":307,"column":21},"end":{"line":307,"column":75}},"145":{"start":{"line":308,"column":33},"end":{"line":308,"column":39}},"146":{"start":{"line":310,"column":8},"end":{"line":319,"column":56}},"147":{"start":{"line":311,"column":10},"end":{"line":318,"column":12}},"148":{"start":{"line":322,"column":6},"end":{"line":340,"column":9}},"149":{"start":{"line":323,"column":21},"end":{"line":323,"column":29}},"150":{"start":{"line":324,"column":24},"end":{"line":324,"column":31}},"151":{"start":{"line":325,"column":22},"end":{"line":325,"column":24}},"152":{"start":{"line":326,"column":25},"end":{"line":326,"column":47}},"153":{"start":{"line":327,"column":21},"end":{"line":327,"column":75}},"154":{"start":{"line":328,"column":33},"end":{"line":328,"column":39}},"155":{"start":{"line":330,"column":8},"end":{"line":339,"column":56}},"156":{"start":{"line":331,"column":10},"end":{"line":338,"column":12}},"157":{"start":{"line":342,"column":6},"end":{"line":360,"column":9}},"158":{"start":{"line":343,"column":21},"end":{"line":343,"column":29}},"159":{"start":{"line":344,"column":24},"end":{"line":344,"column":31}},"160":{"start":{"line":345,"column":22},"end":{"line":345,"column":27}},"161":{"start":{"line":346,"column":25},"end":{"line":346,"column":47}},"162":{"start":{"line":347,"column":21},"end":{"line":347,"column":75}},"163":{"start":{"line":348,"column":33},"end":{"line":348,"column":39}},"164":{"start":{"line":350,"column":8},"end":{"line":359,"column":56}},"165":{"start":{"line":351,"column":10},"end":{"line":358,"column":12}},"166":{"start":{"line":362,"column":6},"end":{"line":380,"column":9}},"167":{"start":{"line":363,"column":21},"end":{"line":363,"column":29}},"168":{"start":{"line":364,"column":24},"end":{"line":364,"column":31}},"169":{"start":{"line":365,"column":22},"end":{"line":365,"column":24}},"170":{"start":{"line":366,"column":25},"end":{"line":366,"column":47}},"171":{"start":{"line":367,"column":21},"end":{"line":367,"column":75}},"172":{"start":{"line":368,"column":33},"end":{"line":368,"column":39}},"173":{"start":{"line":370,"column":8},"end":{"line":379,"column":56}},"174":{"start":{"line":371,"column":10},"end":{"line":378,"column":12}},"175":{"start":{"line":382,"column":6},"end":{"line":400,"column":9}},"176":{"start":{"line":383,"column":21},"end":{"line":383,"column":29}},"177":{"start":{"line":384,"column":24},"end":{"line":384,"column":31}},"178":{"start":{"line":385,"column":22},"end":{"line":385,"column":24}},"179":{"start":{"line":386,"column":25},"end":{"line":386,"column":47}},"180":{"start":{"line":387,"column":21},"end":{"line":387,"column":75}},"181":{"start":{"line":388,"column":33},"end":{"line":388,"column":39}},"182":{"start":{"line":390,"column":8},"end":{"line":399,"column":56}},"183":{"start":{"line":391,"column":10},"end":{"line":398,"column":12}},"184":{"start":{"line":402,"column":6},"end":{"line":420,"column":9}},"185":{"start":{"line":403,"column":21},"end":{"line":403,"column":29}},"186":{"start":{"line":404,"column":24},"end":{"line":404,"column":31}},"187":{"start":{"line":405,"column":22},"end":{"line":405,"column":24}},"188":{"start":{"line":406,"column":25},"end":{"line":406,"column":47}},"189":{"start":{"line":407,"column":21},"end":{"line":407,"column":75}},"190":{"start":{"line":408,"column":33},"end":{"line":408,"column":39}},"191":{"start":{"line":410,"column":8},"end":{"line":419,"column":51}},"192":{"start":{"line":411,"column":10},"end":{"line":418,"column":12}},"193":{"start":{"line":422,"column":6},"end":{"line":440,"column":9}},"194":{"start":{"line":423,"column":21},"end":{"line":423,"column":29}},"195":{"start":{"line":424,"column":24},"end":{"line":424,"column":31}},"196":{"start":{"line":425,"column":22},"end":{"line":425,"column":44}},"197":{"start":{"line":426,"column":25},"end":{"line":426,"column":34}},"198":{"start":{"line":427,"column":21},"end":{"line":427,"column":75}},"199":{"start":{"line":428,"column":33},"end":{"line":428,"column":39}},"200":{"start":{"line":430,"column":8},"end":{"line":439,"column":59}},"201":{"start":{"line":431,"column":10},"end":{"line":438,"column":12}},"202":{"start":{"line":442,"column":6},"end":{"line":460,"column":9}},"203":{"start":{"line":443,"column":21},"end":{"line":443,"column":29}},"204":{"start":{"line":444,"column":24},"end":{"line":444,"column":31}},"205":{"start":{"line":445,"column":22},"end":{"line":445,"column":44}},"206":{"start":{"line":446,"column":25},"end":{"line":446,"column":27}},"207":{"start":{"line":447,"column":21},"end":{"line":447,"column":75}},"208":{"start":{"line":448,"column":33},"end":{"line":448,"column":39}},"209":{"start":{"line":450,"column":8},"end":{"line":459,"column":59}},"210":{"start":{"line":451,"column":10},"end":{"line":458,"column":12}},"211":{"start":{"line":462,"column":6},"end":{"line":480,"column":9}},"212":{"start":{"line":463,"column":21},"end":{"line":463,"column":29}},"213":{"start":{"line":464,"column":24},"end":{"line":464,"column":31}},"214":{"start":{"line":465,"column":22},"end":{"line":465,"column":44}},"215":{"start":{"line":466,"column":25},"end":{"line":466,"column":30}},"216":{"start":{"line":467,"column":21},"end":{"line":467,"column":75}},"217":{"start":{"line":468,"column":33},"end":{"line":468,"column":39}},"218":{"start":{"line":470,"column":8},"end":{"line":479,"column":59}},"219":{"start":{"line":471,"column":10},"end":{"line":478,"column":12}},"220":{"start":{"line":482,"column":6},"end":{"line":500,"column":9}},"221":{"start":{"line":483,"column":21},"end":{"line":483,"column":29}},"222":{"start":{"line":484,"column":24},"end":{"line":484,"column":31}},"223":{"start":{"line":485,"column":22},"end":{"line":485,"column":44}},"224":{"start":{"line":486,"column":25},"end":{"line":486,"column":27}},"225":{"start":{"line":487,"column":21},"end":{"line":487,"column":75}},"226":{"start":{"line":488,"column":33},"end":{"line":488,"column":39}},"227":{"start":{"line":490,"column":8},"end":{"line":499,"column":59}},"228":{"start":{"line":491,"column":10},"end":{"line":498,"column":12}},"229":{"start":{"line":502,"column":6},"end":{"line":520,"column":9}},"230":{"start":{"line":503,"column":21},"end":{"line":503,"column":29}},"231":{"start":{"line":504,"column":24},"end":{"line":504,"column":31}},"232":{"start":{"line":505,"column":22},"end":{"line":505,"column":44}},"233":{"start":{"line":506,"column":25},"end":{"line":506,"column":27}},"234":{"start":{"line":507,"column":21},"end":{"line":507,"column":75}},"235":{"start":{"line":508,"column":33},"end":{"line":508,"column":39}},"236":{"start":{"line":510,"column":8},"end":{"line":519,"column":59}},"237":{"start":{"line":511,"column":10},"end":{"line":518,"column":12}},"238":{"start":{"line":522,"column":6},"end":{"line":540,"column":9}},"239":{"start":{"line":523,"column":21},"end":{"line":523,"column":29}},"240":{"start":{"line":524,"column":24},"end":{"line":524,"column":31}},"241":{"start":{"line":525,"column":22},"end":{"line":525,"column":44}},"242":{"start":{"line":526,"column":25},"end":{"line":526,"column":27}},"243":{"start":{"line":527,"column":21},"end":{"line":527,"column":75}},"244":{"start":{"line":528,"column":33},"end":{"line":528,"column":39}},"245":{"start":{"line":530,"column":8},"end":{"line":539,"column":54}},"246":{"start":{"line":531,"column":10},"end":{"line":538,"column":12}},"247":{"start":{"line":544,"column":4},"end":{"line":677,"column":7}},"248":{"start":{"line":545,"column":19},"end":{"line":545,"column":27}},"249":{"start":{"line":546,"column":22},"end":{"line":546,"column":29}},"250":{"start":{"line":547,"column":20},"end":{"line":547,"column":59}},"251":{"start":{"line":548,"column":23},"end":{"line":548,"column":45}},"252":{"start":{"line":549,"column":19},"end":{"line":549,"column":73}},"253":{"start":{"line":550,"column":31},"end":{"line":550,"column":37}},"254":{"start":{"line":552,"column":6},"end":{"line":563,"column":8}},"255":{"start":{"line":553,"column":8},"end":{"line":562,"column":9}},"256":{"start":{"line":554,"column":10},"end":{"line":561,"column":12}},"257":{"start":{"line":565,"column":6},"end":{"line":568,"column":49}},"258":{"start":{"line":566,"column":8},"end":{"line":568,"column":47}},"259":{"start":{"line":568,"column":22},"end":{"line":568,"column":46}},"260":{"start":{"line":570,"column":6},"end":{"line":577,"column":9}},"261":{"start":{"line":571,"column":22},"end":{"line":571,"column":31}},"262":{"start":{"line":572,"column":25},"end":{"line":572,"column":47}},"263":{"start":{"line":574,"column":8},"end":{"line":576,"column":56}},"264":{"start":{"line":575,"column":10},"end":{"line":575,"column":52}},"265":{"start":{"line":579,"column":6},"end":{"line":586,"column":9}},"266":{"start":{"line":580,"column":22},"end":{"line":580,"column":24}},"267":{"start":{"line":581,"column":25},"end":{"line":581,"column":47}},"268":{"start":{"line":583,"column":8},"end":{"line":585,"column":56}},"269":{"start":{"line":584,"column":10},"end":{"line":584,"column":52}},"270":{"start":{"line":588,"column":6},"end":{"line":595,"column":9}},"271":{"start":{"line":589,"column":22},"end":{"line":589,"column":27}},"272":{"start":{"line":590,"column":25},"end":{"line":590,"column":47}},"273":{"start":{"line":592,"column":8},"end":{"line":594,"column":56}},"274":{"start":{"line":593,"column":10},"end":{"line":593,"column":52}},"275":{"start":{"line":597,"column":6},"end":{"line":604,"column":9}},"276":{"start":{"line":598,"column":22},"end":{"line":598,"column":24}},"277":{"start":{"line":599,"column":25},"end":{"line":599,"column":47}},"278":{"start":{"line":601,"column":8},"end":{"line":603,"column":56}},"279":{"start":{"line":602,"column":10},"end":{"line":602,"column":52}},"280":{"start":{"line":606,"column":6},"end":{"line":613,"column":9}},"281":{"start":{"line":607,"column":22},"end":{"line":607,"column":24}},"282":{"start":{"line":608,"column":25},"end":{"line":608,"column":47}},"283":{"start":{"line":610,"column":8},"end":{"line":612,"column":56}},"284":{"start":{"line":611,"column":10},"end":{"line":611,"column":52}},"285":{"start":{"line":615,"column":6},"end":{"line":622,"column":9}},"286":{"start":{"line":616,"column":22},"end":{"line":616,"column":24}},"287":{"start":{"line":617,"column":25},"end":{"line":617,"column":47}},"288":{"start":{"line":619,"column":8},"end":{"line":621,"column":51}},"289":{"start":{"line":620,"column":10},"end":{"line":620,"column":52}},"290":{"start":{"line":624,"column":6},"end":{"line":631,"column":9}},"291":{"start":{"line":625,"column":22},"end":{"line":625,"column":44}},"292":{"start":{"line":626,"column":25},"end":{"line":626,"column":34}},"293":{"start":{"line":628,"column":8},"end":{"line":630,"column":59}},"294":{"start":{"line":629,"column":10},"end":{"line":629,"column":52}},"295":{"start":{"line":633,"column":6},"end":{"line":640,"column":9}},"296":{"start":{"line":634,"column":22},"end":{"line":634,"column":44}},"297":{"start":{"line":635,"column":25},"end":{"line":635,"column":27}},"298":{"start":{"line":637,"column":8},"end":{"line":639,"column":59}},"299":{"start":{"line":638,"column":10},"end":{"line":638,"column":52}},"300":{"start":{"line":642,"column":6},"end":{"line":649,"column":9}},"301":{"start":{"line":643,"column":22},"end":{"line":643,"column":44}},"302":{"start":{"line":644,"column":25},"end":{"line":644,"column":30}},"303":{"start":{"line":646,"column":8},"end":{"line":648,"column":59}},"304":{"start":{"line":647,"column":10},"end":{"line":647,"column":52}},"305":{"start":{"line":651,"column":6},"end":{"line":658,"column":9}},"306":{"start":{"line":652,"column":22},"end":{"line":652,"column":44}},"307":{"start":{"line":653,"column":25},"end":{"line":653,"column":27}},"308":{"start":{"line":655,"column":8},"end":{"line":657,"column":59}},"309":{"start":{"line":656,"column":10},"end":{"line":656,"column":52}},"310":{"start":{"line":660,"column":6},"end":{"line":667,"column":9}},"311":{"start":{"line":661,"column":22},"end":{"line":661,"column":44}},"312":{"start":{"line":662,"column":25},"end":{"line":662,"column":27}},"313":{"start":{"line":664,"column":8},"end":{"line":666,"column":59}},"314":{"start":{"line":665,"column":10},"end":{"line":665,"column":52}},"315":{"start":{"line":669,"column":6},"end":{"line":676,"column":9}},"316":{"start":{"line":670,"column":22},"end":{"line":670,"column":44}},"317":{"start":{"line":671,"column":25},"end":{"line":671,"column":27}},"318":{"start":{"line":673,"column":8},"end":{"line":675,"column":54}},"319":{"start":{"line":674,"column":10},"end":{"line":674,"column":52}},"320":{"start":{"line":680,"column":4},"end":{"line":718,"column":7}},"321":{"start":{"line":681,"column":6},"end":{"line":709,"column":9}},"322":{"start":{"line":682,"column":8},"end":{"line":708,"column":13}},"323":{"start":{"line":683,"column":23},"end":{"line":683,"column":31}},"324":{"start":{"line":684,"column":26},"end":{"line":684,"column":33}},"325":{"start":{"line":685,"column":24},"end":{"line":685,"column":63}},"326":{"start":{"line":686,"column":27},"end":{"line":686,"column":49}},"327":{"start":{"line":687,"column":23},"end":{"line":687,"column":77}},"328":{"start":{"line":688,"column":35},"end":{"line":688,"column":41}},"329":{"start":{"line":689,"column":24},"end":{"line":689,"column":29}},"330":{"start":{"line":690,"column":23},"end":{"line":690,"column":54}},"331":{"start":{"line":691,"column":25},"end":{"line":699,"column":12}},"332":{"start":{"line":701,"column":26},"end":{"line":701,"column":55}},"333":{"start":{"line":702,"column":10},"end":{"line":702,"column":45}},"334":{"start":{"line":703,"column":10},"end":{"line":703,"column":51}},"335":{"start":{"line":704,"column":10},"end":{"line":704,"column":47}},"336":{"start":{"line":705,"column":10},"end":{"line":705,"column":45}},"337":{"start":{"line":706,"column":10},"end":{"line":706,"column":69}},"338":{"start":{"line":707,"column":10},"end":{"line":707,"column":47}},"339":{"start":{"line":711,"column":6},"end":{"line":717,"column":9}},"340":{"start":{"line":712,"column":8},"end":{"line":716,"column":9}},"341":{"start":{"line":713,"column":10},"end":{"line":713,"column":40}},"342":{"start":{"line":715,"column":10},"end":{"line":715,"column":69}},"343":{"start":{"line":721,"column":4},"end":{"line":796,"column":7}},"344":{"start":{"line":722,"column":6},"end":{"line":745,"column":9}},"345":{"start":{"line":723,"column":8},"end":{"line":744,"column":13}},"346":{"start":{"line":724,"column":23},"end":{"line":724,"column":31}},"347":{"start":{"line":725,"column":26},"end":{"line":725,"column":33}},"348":{"start":{"line":726,"column":24},"end":{"line":726,"column":63}},"349":{"start":{"line":727,"column":27},"end":{"line":727,"column":49}},"350":{"start":{"line":728,"column":23},"end":{"line":728,"column":77}},"351":{"start":{"line":729,"column":35},"end":{"line":729,"column":41}},"352":{"start":{"line":730,"column":24},"end":{"line":730,"column":29}},"353":{"start":{"line":731,"column":23},"end":{"line":731,"column":54}},"354":{"start":{"line":732,"column":25},"end":{"line":740,"column":12}},"355":{"start":{"line":742,"column":25},"end":{"line":742,"column":54}},"356":{"start":{"line":743,"column":10},"end":{"line":743,"column":42}},"357":{"start":{"line":747,"column":6},"end":{"line":756,"column":9}},"358":{"start":{"line":748,"column":25},"end":{"line":748,"column":30}},"359":{"start":{"line":749,"column":8},"end":{"line":755,"column":9}},"360":{"start":{"line":750,"column":10},"end":{"line":750,"column":46}},"361":{"start":{"line":752,"column":10},"end":{"line":754,"column":12}},"362":{"start":{"line":757,"column":6},"end":{"line":763,"column":9}},"363":{"start":{"line":758,"column":25},"end":{"line":758,"column":27}},"364":{"start":{"line":760,"column":8},"end":{"line":762,"column":59}},"365":{"start":{"line":761,"column":10},"end":{"line":761,"column":40}},"366":{"start":{"line":765,"column":6},"end":{"line":771,"column":9}},"367":{"start":{"line":766,"column":25},"end":{"line":766,"column":30}},"368":{"start":{"line":768,"column":8},"end":{"line":770,"column":59}},"369":{"start":{"line":769,"column":10},"end":{"line":769,"column":40}},"370":{"start":{"line":773,"column":6},"end":{"line":779,"column":9}},"371":{"start":{"line":774,"column":25},"end":{"line":774,"column":27}},"372":{"start":{"line":776,"column":8},"end":{"line":778,"column":59}},"373":{"start":{"line":777,"column":10},"end":{"line":777,"column":40}},"374":{"start":{"line":781,"column":6},"end":{"line":787,"column":9}},"375":{"start":{"line":782,"column":25},"end":{"line":782,"column":27}},"376":{"start":{"line":784,"column":8},"end":{"line":786,"column":59}},"377":{"start":{"line":785,"column":10},"end":{"line":785,"column":40}},"378":{"start":{"line":789,"column":6},"end":{"line":795,"column":9}},"379":{"start":{"line":790,"column":25},"end":{"line":790,"column":27}},"380":{"start":{"line":792,"column":8},"end":{"line":794,"column":54}},"381":{"start":{"line":793,"column":10},"end":{"line":793,"column":40}},"382":{"start":{"line":799,"column":4},"end":{"line":853,"column":7}},"383":{"start":{"line":800,"column":6},"end":{"line":842,"column":9}},"384":{"start":{"line":801,"column":8},"end":{"line":835,"column":11}},"385":{"start":{"line":803,"column":12},"end":{"line":803,"column":103}},"386":{"start":{"line":805,"column":10},"end":{"line":834,"column":24}},"387":{"start":{"line":806,"column":12},"end":{"line":833,"column":13}},"388":{"start":{"line":807,"column":31},"end":{"line":807,"column":51}},"389":{"start":{"line":808,"column":24},"end":{"line":808,"column":51}},"390":{"start":{"line":810,"column":34},"end":{"line":829,"column":16}},"391":{"start":{"line":811,"column":29},"end":{"line":813,"column":31}},"392":{"start":{"line":815,"column":33},"end":{"line":817,"column":30}},"393":{"start":{"line":819,"column":30},"end":{"line":821,"column":25}},"394":{"start":{"line":823,"column":33},"end":{"line":827,"column":17}},"395":{"start":{"line":828,"column":16},"end":{"line":828,"column":32}},"396":{"start":{"line":830,"column":14},"end":{"line":830,"column":39}},"397":{"start":{"line":832,"column":14},"end":{"line":832,"column":26}},"398":{"start":{"line":837,"column":21},"end":{"line":837,"column":75}},"399":{"start":{"line":838,"column":29},"end":{"line":838,"column":65}},"400":{"start":{"line":839,"column":8},"end":{"line":839,"column":49}},"401":{"start":{"line":840,"column":8},"end":{"line":840,"column":56}},"402":{"start":{"line":841,"column":8},"end":{"line":841,"column":53}},"403":{"start":{"line":844,"column":6},"end":{"line":852,"column":9}},"404":{"start":{"line":845,"column":8},"end":{"line":851,"column":9}},"405":{"start":{"line":846,"column":10},"end":{"line":846,"column":47}},"406":{"start":{"line":848,"column":10},"end":{"line":850,"column":12}},"407":{"start":{"line":856,"column":4},"end":{"line":938,"column":7}},"408":{"start":{"line":857,"column":6},"end":{"line":880,"column":9}},"409":{"start":{"line":858,"column":8},"end":{"line":879,"column":10}},"410":{"start":{"line":859,"column":23},"end":{"line":859,"column":31}},"411":{"start":{"line":860,"column":26},"end":{"line":860,"column":33}},"412":{"start":{"line":861,"column":24},"end":{"line":861,"column":63}},"413":{"start":{"line":862,"column":27},"end":{"line":862,"column":49}},"414":{"start":{"line":863,"column":23},"end":{"line":863,"column":77}},"415":{"start":{"line":864,"column":35},"end":{"line":864,"column":41}},"416":{"start":{"line":865,"column":24},"end":{"line":865,"column":29}},"417":{"start":{"line":866,"column":23},"end":{"line":866,"column":54}},"418":{"start":{"line":867,"column":25},"end":{"line":875,"column":12}},"419":{"start":{"line":877,"column":10},"end":{"line":877,"column":44}},"420":{"start":{"line":878,"column":10},"end":{"line":878,"column":38}},"421":{"start":{"line":882,"column":6},"end":{"line":889,"column":9}},"422":{"start":{"line":883,"column":21},"end":{"line":883,"column":27}},"423":{"start":{"line":884,"column":8},"end":{"line":888,"column":9}},"424":{"start":{"line":885,"column":10},"end":{"line":885,"column":44}},"425":{"start":{"line":887,"column":10},"end":{"line":887,"column":55}},"426":{"start":{"line":891,"column":6},"end":{"line":897,"column":9}},"427":{"start":{"line":892,"column":21},"end":{"line":892,"column":30}},"428":{"start":{"line":894,"column":8},"end":{"line":896,"column":55}},"429":{"start":{"line":895,"column":10},"end":{"line":895,"column":38}},"430":{"start":{"line":899,"column":6},"end":{"line":905,"column":9}},"431":{"start":{"line":900,"column":21},"end":{"line":900,"column":23}},"432":{"start":{"line":902,"column":8},"end":{"line":904,"column":55}},"433":{"start":{"line":903,"column":10},"end":{"line":903,"column":38}},"434":{"start":{"line":907,"column":6},"end":{"line":913,"column":9}},"435":{"start":{"line":908,"column":21},"end":{"line":908,"column":26}},"436":{"start":{"line":910,"column":8},"end":{"line":912,"column":55}},"437":{"start":{"line":911,"column":10},"end":{"line":911,"column":38}},"438":{"start":{"line":915,"column":6},"end":{"line":921,"column":9}},"439":{"start":{"line":916,"column":21},"end":{"line":916,"column":23}},"440":{"start":{"line":918,"column":8},"end":{"line":920,"column":55}},"441":{"start":{"line":919,"column":10},"end":{"line":919,"column":38}},"442":{"start":{"line":923,"column":6},"end":{"line":929,"column":9}},"443":{"start":{"line":924,"column":21},"end":{"line":924,"column":23}},"444":{"start":{"line":926,"column":8},"end":{"line":928,"column":55}},"445":{"start":{"line":927,"column":10},"end":{"line":927,"column":38}},"446":{"start":{"line":931,"column":6},"end":{"line":937,"column":9}},"447":{"start":{"line":932,"column":21},"end":{"line":932,"column":23}},"448":{"start":{"line":934,"column":8},"end":{"line":936,"column":50}},"449":{"start":{"line":935,"column":10},"end":{"line":935,"column":38}},"450":{"start":{"line":941,"column":4},"end":{"line":1037,"column":7}},"451":{"start":{"line":942,"column":6},"end":{"line":1025,"column":9}},"452":{"start":{"line":943,"column":8},"end":{"line":1015,"column":11}},"453":{"start":{"line":945,"column":12},"end":{"line":945,"column":138}},"454":{"start":{"line":947,"column":10},"end":{"line":1014,"column":25}},"455":{"start":{"line":948,"column":12},"end":{"line":1013,"column":13}},"456":{"start":{"line":949,"column":31},"end":{"line":949,"column":51}},"457":{"start":{"line":950,"column":24},"end":{"line":950,"column":51}},"458":{"start":{"line":952,"column":32},"end":{"line":1008,"column":16}},"459":{"start":{"line":953,"column":32},"end":{"line":956,"column":36}},"460":{"start":{"line":958,"column":29},"end":{"line":961,"column":25}},"461":{"start":{"line":963,"column":30},"end":{"line":967,"column":25}},"462":{"start":{"line":969,"column":35},"end":{"line":973,"column":35}},"463":{"start":{"line":975,"column":30},"end":{"line":979,"column":25}},"464":{"start":{"line":981,"column":35},"end":{"line":985,"column":35}},"465":{"start":{"line":987,"column":31},"end":{"line":990,"column":25}},"466":{"start":{"line":992,"column":33},"end":{"line":994,"column":25}},"467":{"start":{"line":996,"column":33},"end":{"line":1005,"column":17}},"468":{"start":{"line":1007,"column":16},"end":{"line":1007,"column":32}},"469":{"start":{"line":1010,"column":14},"end":{"line":1010,"column":37}},"470":{"start":{"line":1012,"column":14},"end":{"line":1012,"column":26}},"471":{"start":{"line":1016,"column":24},"end":{"line":1016,"column":62}},"472":{"start":{"line":1017,"column":8},"end":{"line":1017,"column":49}},"473":{"start":{"line":1018,"column":8},"end":{"line":1018,"column":46}},"474":{"start":{"line":1019,"column":8},"end":{"line":1019,"column":47}},"475":{"start":{"line":1020,"column":8},"end":{"line":1020,"column":52}},"476":{"start":{"line":1021,"column":8},"end":{"line":1021,"column":47}},"477":{"start":{"line":1022,"column":8},"end":{"line":1022,"column":52}},"478":{"start":{"line":1023,"column":8},"end":{"line":1023,"column":48}},"479":{"start":{"line":1024,"column":8},"end":{"line":1024,"column":50}},"480":{"start":{"line":1039,"column":2},"end":{"line":1101,"column":5}},"481":{"start":{"line":1040,"column":4},"end":{"line":1089,"column":7}},"482":{"start":{"line":1041,"column":21},"end":{"line":1049,"column":8}},"483":{"start":{"line":1050,"column":22},"end":{"line":1050,"column":37}},"484":{"start":{"line":1051,"column":20},"end":{"line":1053,"column":8}},"485":{"start":{"line":1054,"column":22},"end":{"line":1063,"column":7}},"486":{"start":{"line":1064,"column":6},"end":{"line":1064,"column":38}},"487":{"start":{"line":1065,"column":6},"end":{"line":1065,"column":25}},"488":{"start":{"line":1066,"column":6},"end":{"line":1073,"column":8}},"489":{"start":{"line":1075,"column":22},"end":{"line":1075,"column":54}},"490":{"start":{"line":1077,"column":28},"end":{"line":1077,"column":83}},"491":{"start":{"line":1077,"column":54},"end":{"line":1077,"column":79}},"492":{"start":{"line":1079,"column":6},"end":{"line":1079,"column":50}},"493":{"start":{"line":1080,"column":6},"end":{"line":1080,"column":47}},"494":{"start":{"line":1081,"column":6},"end":{"line":1081,"column":48}},"495":{"start":{"line":1082,"column":6},"end":{"line":1082,"column":53}},"496":{"start":{"line":1083,"column":6},"end":{"line":1083,"column":48}},"497":{"start":{"line":1084,"column":6},"end":{"line":1084,"column":53}},"498":{"start":{"line":1085,"column":6},"end":{"line":1085,"column":49}},"499":{"start":{"line":1086,"column":6},"end":{"line":1086,"column":51}},"500":{"start":{"line":1087,"column":6},"end":{"line":1087,"column":59}},"501":{"start":{"line":1088,"column":6},"end":{"line":1088,"column":56}},"502":{"start":{"line":1104,"column":4},"end":{"line":1223,"column":7}},"503":{"start":{"line":1105,"column":6},"end":{"line":1124,"column":9}},"504":{"start":{"line":1106,"column":24},"end":{"line":1106,"column":39}},"505":{"start":{"line":1107,"column":22},"end":{"line":1109,"column":10}},"506":{"start":{"line":1110,"column":23},"end":{"line":1118,"column":10}},"507":{"start":{"line":1119,"column":8},"end":{"line":1119,"column":55}},"508":{"start":{"line":1120,"column":25},"end":{"line":1120,"column":55}},"509":{"start":{"line":1121,"column":26},"end":{"line":1121,"column":51}},"510":{"start":{"line":1122,"column":8},"end":{"line":1122,"column":57}},"511":{"start":{"line":1123,"column":8},"end":{"line":1123,"column":54}},"512":{"start":{"line":1126,"column":6},"end":{"line":1142,"column":9}},"513":{"start":{"line":1127,"column":24},"end":{"line":1127,"column":39}},"514":{"start":{"line":1128,"column":23},"end":{"line":1136,"column":10}},"515":{"start":{"line":1137,"column":8},"end":{"line":1137,"column":55}},"516":{"start":{"line":1138,"column":25},"end":{"line":1138,"column":57}},"517":{"start":{"line":1139,"column":26},"end":{"line":1139,"column":51}},"518":{"start":{"line":1140,"column":8},"end":{"line":1140,"column":57}},"519":{"start":{"line":1141,"column":8},"end":{"line":1141,"column":54}},"520":{"start":{"line":1144,"column":6},"end":{"line":1150,"column":9}},"521":{"start":{"line":1145,"column":25},"end":{"line":1145,"column":27}},"522":{"start":{"line":1146,"column":24},"end":{"line":1146,"column":39}},"523":{"start":{"line":1147,"column":8},"end":{"line":1149,"column":56}},"524":{"start":{"line":1148,"column":10},"end":{"line":1148,"column":57}},"525":{"start":{"line":1152,"column":6},"end":{"line":1158,"column":9}},"526":{"start":{"line":1153,"column":25},"end":{"line":1153,"column":30}},"527":{"start":{"line":1154,"column":24},"end":{"line":1154,"column":39}},"528":{"start":{"line":1155,"column":8},"end":{"line":1157,"column":56}},"529":{"start":{"line":1156,"column":10},"end":{"line":1156,"column":57}},"530":{"start":{"line":1160,"column":6},"end":{"line":1166,"column":9}},"531":{"start":{"line":1161,"column":25},"end":{"line":1161,"column":27}},"532":{"start":{"line":1162,"column":24},"end":{"line":1162,"column":39}},"533":{"start":{"line":1163,"column":8},"end":{"line":1165,"column":56}},"534":{"start":{"line":1164,"column":10},"end":{"line":1164,"column":57}},"535":{"start":{"line":1168,"column":6},"end":{"line":1174,"column":9}},"536":{"start":{"line":1169,"column":25},"end":{"line":1169,"column":27}},"537":{"start":{"line":1170,"column":24},"end":{"line":1170,"column":39}},"538":{"start":{"line":1171,"column":8},"end":{"line":1173,"column":56}},"539":{"start":{"line":1172,"column":10},"end":{"line":1172,"column":57}},"540":{"start":{"line":1176,"column":6},"end":{"line":1182,"column":9}},"541":{"start":{"line":1177,"column":25},"end":{"line":1177,"column":27}},"542":{"start":{"line":1178,"column":24},"end":{"line":1178,"column":39}},"543":{"start":{"line":1179,"column":8},"end":{"line":1181,"column":54}},"544":{"start":{"line":1180,"column":10},"end":{"line":1180,"column":57}},"545":{"start":{"line":1184,"column":6},"end":{"line":1190,"column":9}},"546":{"start":{"line":1185,"column":25},"end":{"line":1185,"column":51}},"547":{"start":{"line":1186,"column":24},"end":{"line":1186,"column":26}},"548":{"start":{"line":1187,"column":8},"end":{"line":1189,"column":55}},"549":{"start":{"line":1188,"column":10},"end":{"line":1188,"column":57}},"550":{"start":{"line":1192,"column":6},"end":{"line":1198,"column":9}},"551":{"start":{"line":1193,"column":25},"end":{"line":1193,"column":51}},"552":{"start":{"line":1194,"column":24},"end":{"line":1194,"column":29}},"553":{"start":{"line":1195,"column":8},"end":{"line":1197,"column":55}},"554":{"start":{"line":1196,"column":10},"end":{"line":1196,"column":57}},"555":{"start":{"line":1200,"column":6},"end":{"line":1206,"column":9}},"556":{"start":{"line":1201,"column":25},"end":{"line":1201,"column":51}},"557":{"start":{"line":1202,"column":24},"end":{"line":1202,"column":26}},"558":{"start":{"line":1203,"column":8},"end":{"line":1205,"column":55}},"559":{"start":{"line":1204,"column":10},"end":{"line":1204,"column":57}},"560":{"start":{"line":1208,"column":6},"end":{"line":1214,"column":9}},"561":{"start":{"line":1209,"column":25},"end":{"line":1209,"column":51}},"562":{"start":{"line":1210,"column":24},"end":{"line":1210,"column":26}},"563":{"start":{"line":1211,"column":8},"end":{"line":1213,"column":55}},"564":{"start":{"line":1212,"column":10},"end":{"line":1212,"column":57}},"565":{"start":{"line":1216,"column":6},"end":{"line":1222,"column":9}},"566":{"start":{"line":1217,"column":25},"end":{"line":1217,"column":51}},"567":{"start":{"line":1218,"column":24},"end":{"line":1218,"column":26}},"568":{"start":{"line":1219,"column":8},"end":{"line":1221,"column":53}},"569":{"start":{"line":1220,"column":10},"end":{"line":1220,"column":57}},"570":{"start":{"line":1225,"column":2},"end":{"line":1352,"column":5}},"571":{"start":{"line":1226,"column":4},"end":{"line":1253,"column":7}},"572":{"start":{"line":1227,"column":22},"end":{"line":1227,"column":37}},"573":{"start":{"line":1228,"column":20},"end":{"line":1230,"column":8}},"574":{"start":{"line":1231,"column":21},"end":{"line":1239,"column":8}},"575":{"start":{"line":1240,"column":6},"end":{"line":1243,"column":8}},"576":{"start":{"line":1244,"column":25},"end":{"line":1244,"column":55}},"577":{"start":{"line":1245,"column":6},"end":{"line":1245,"column":43}},"578":{"start":{"line":1246,"column":6},"end":{"line":1246,"column":25}},"579":{"start":{"line":1248,"column":6},"end":{"line":1248,"column":56}},"580":{"start":{"line":1249,"column":23},"end":{"line":1249,"column":53}},"581":{"start":{"line":1250,"column":24},"end":{"line":1250,"column":49}},"582":{"start":{"line":1251,"column":6},"end":{"line":1251,"column":55}},"583":{"start":{"line":1252,"column":6},"end":{"line":1252,"column":52}},"584":{"start":{"line":1255,"column":4},"end":{"line":1271,"column":7}},"585":{"start":{"line":1256,"column":22},"end":{"line":1256,"column":28}},"586":{"start":{"line":1257,"column":21},"end":{"line":1265,"column":8}},"587":{"start":{"line":1266,"column":6},"end":{"line":1270,"column":7}},"588":{"start":{"line":1267,"column":8},"end":{"line":1267,"column":58}},"589":{"start":{"line":1269,"column":8},"end":{"line":1269,"column":59}},"590":{"start":{"line":1273,"column":4},"end":{"line":1279,"column":7}},"591":{"start":{"line":1274,"column":23},"end":{"line":1274,"column":25}},"592":{"start":{"line":1275,"column":22},"end":{"line":1275,"column":37}},"593":{"start":{"line":1276,"column":6},"end":{"line":1278,"column":54}},"594":{"start":{"line":1277,"column":8},"end":{"line":1277,"column":55}},"595":{"start":{"line":1281,"column":4},"end":{"line":1287,"column":7}},"596":{"start":{"line":1282,"column":23},"end":{"line":1282,"column":28}},"597":{"start":{"line":1283,"column":22},"end":{"line":1283,"column":37}},"598":{"start":{"line":1284,"column":6},"end":{"line":1286,"column":54}},"599":{"start":{"line":1285,"column":8},"end":{"line":1285,"column":55}},"600":{"start":{"line":1289,"column":4},"end":{"line":1295,"column":7}},"601":{"start":{"line":1290,"column":23},"end":{"line":1290,"column":25}},"602":{"start":{"line":1291,"column":22},"end":{"line":1291,"column":37}},"603":{"start":{"line":1292,"column":6},"end":{"line":1294,"column":54}},"604":{"start":{"line":1293,"column":8},"end":{"line":1293,"column":55}},"605":{"start":{"line":1297,"column":4},"end":{"line":1303,"column":7}},"606":{"start":{"line":1298,"column":23},"end":{"line":1298,"column":25}},"607":{"start":{"line":1299,"column":22},"end":{"line":1299,"column":37}},"608":{"start":{"line":1300,"column":6},"end":{"line":1302,"column":54}},"609":{"start":{"line":1301,"column":8},"end":{"line":1301,"column":55}},"610":{"start":{"line":1305,"column":4},"end":{"line":1311,"column":7}},"611":{"start":{"line":1306,"column":23},"end":{"line":1306,"column":25}},"612":{"start":{"line":1307,"column":22},"end":{"line":1307,"column":37}},"613":{"start":{"line":1308,"column":6},"end":{"line":1310,"column":52}},"614":{"start":{"line":1309,"column":8},"end":{"line":1309,"column":55}},"615":{"start":{"line":1313,"column":4},"end":{"line":1319,"column":7}},"616":{"start":{"line":1314,"column":23},"end":{"line":1314,"column":49}},"617":{"start":{"line":1315,"column":22},"end":{"line":1315,"column":24}},"618":{"start":{"line":1316,"column":6},"end":{"line":1318,"column":53}},"619":{"start":{"line":1317,"column":8},"end":{"line":1317,"column":55}},"620":{"start":{"line":1321,"column":4},"end":{"line":1327,"column":7}},"621":{"start":{"line":1322,"column":23},"end":{"line":1322,"column":49}},"622":{"start":{"line":1323,"column":22},"end":{"line":1323,"column":27}},"623":{"start":{"line":1324,"column":6},"end":{"line":1326,"column":53}},"624":{"start":{"line":1325,"column":8},"end":{"line":1325,"column":55}},"625":{"start":{"line":1329,"column":4},"end":{"line":1335,"column":7}},"626":{"start":{"line":1330,"column":23},"end":{"line":1330,"column":49}},"627":{"start":{"line":1331,"column":22},"end":{"line":1331,"column":24}},"628":{"start":{"line":1332,"column":6},"end":{"line":1334,"column":53}},"629":{"start":{"line":1333,"column":8},"end":{"line":1333,"column":55}},"630":{"start":{"line":1337,"column":4},"end":{"line":1343,"column":7}},"631":{"start":{"line":1338,"column":23},"end":{"line":1338,"column":49}},"632":{"start":{"line":1339,"column":22},"end":{"line":1339,"column":24}},"633":{"start":{"line":1340,"column":6},"end":{"line":1342,"column":53}},"634":{"start":{"line":1341,"column":8},"end":{"line":1341,"column":55}},"635":{"start":{"line":1345,"column":4},"end":{"line":1351,"column":7}},"636":{"start":{"line":1346,"column":23},"end":{"line":1346,"column":49}},"637":{"start":{"line":1347,"column":22},"end":{"line":1347,"column":24}},"638":{"start":{"line":1348,"column":6},"end":{"line":1350,"column":51}},"639":{"start":{"line":1349,"column":8},"end":{"line":1349,"column":55}},"640":{"start":{"line":1354,"column":2},"end":{"line":1503,"column":5}},"641":{"start":{"line":1355,"column":4},"end":{"line":1375,"column":7}},"642":{"start":{"line":1356,"column":22},"end":{"line":1356,"column":37}},"643":{"start":{"line":1357,"column":20},"end":{"line":1359,"column":8}},"644":{"start":{"line":1360,"column":22},"end":{"line":1369,"column":7}},"645":{"start":{"line":1371,"column":6},"end":{"line":1371,"column":53}},"646":{"start":{"line":1372,"column":23},"end":{"line":1372,"column":53}},"647":{"start":{"line":1373,"column":6},"end":{"line":1373,"column":51}},"648":{"start":{"line":1374,"column":6},"end":{"line":1374,"column":62}},"649":{"start":{"line":1377,"column":4},"end":{"line":1393,"column":7}},"650":{"start":{"line":1378,"column":22},"end":{"line":1378,"column":37}},"651":{"start":{"line":1379,"column":22},"end":{"line":1388,"column":7}},"652":{"start":{"line":1389,"column":6},"end":{"line":1389,"column":53}},"653":{"start":{"line":1390,"column":23},"end":{"line":1390,"column":55}},"654":{"start":{"line":1391,"column":6},"end":{"line":1391,"column":51}},"655":{"start":{"line":1392,"column":6},"end":{"line":1392,"column":62}},"656":{"start":{"line":1395,"column":4},"end":{"line":1401,"column":7}},"657":{"start":{"line":1396,"column":22},"end":{"line":1396,"column":24}},"658":{"start":{"line":1397,"column":22},"end":{"line":1397,"column":37}},"659":{"start":{"line":1398,"column":6},"end":{"line":1400,"column":53}},"660":{"start":{"line":1399,"column":8},"end":{"line":1399,"column":49}},"661":{"start":{"line":1403,"column":4},"end":{"line":1409,"column":7}},"662":{"start":{"line":1404,"column":22},"end":{"line":1404,"column":27}},"663":{"start":{"line":1405,"column":22},"end":{"line":1405,"column":37}},"664":{"start":{"line":1406,"column":6},"end":{"line":1408,"column":53}},"665":{"start":{"line":1407,"column":8},"end":{"line":1407,"column":49}},"666":{"start":{"line":1411,"column":4},"end":{"line":1417,"column":7}},"667":{"start":{"line":1412,"column":22},"end":{"line":1412,"column":31}},"668":{"start":{"line":1413,"column":22},"end":{"line":1413,"column":37}},"669":{"start":{"line":1414,"column":6},"end":{"line":1416,"column":53}},"670":{"start":{"line":1415,"column":8},"end":{"line":1415,"column":49}},"671":{"start":{"line":1419,"column":4},"end":{"line":1434,"column":7}},"672":{"start":{"line":1420,"column":22},"end":{"line":1429,"column":7}},"673":{"start":{"line":1430,"column":22},"end":{"line":1430,"column":24}},"674":{"start":{"line":1431,"column":6},"end":{"line":1433,"column":53}},"675":{"start":{"line":1432,"column":8},"end":{"line":1432,"column":49}},"676":{"start":{"line":1436,"column":4},"end":{"line":1451,"column":7}},"677":{"start":{"line":1437,"column":22},"end":{"line":1446,"column":7}},"678":{"start":{"line":1447,"column":22},"end":{"line":1447,"column":27}},"679":{"start":{"line":1448,"column":6},"end":{"line":1450,"column":53}},"680":{"start":{"line":1449,"column":8},"end":{"line":1449,"column":49}},"681":{"start":{"line":1453,"column":4},"end":{"line":1468,"column":7}},"682":{"start":{"line":1454,"column":22},"end":{"line":1463,"column":7}},"683":{"start":{"line":1464,"column":22},"end":{"line":1464,"column":24}},"684":{"start":{"line":1465,"column":6},"end":{"line":1467,"column":53}},"685":{"start":{"line":1466,"column":8},"end":{"line":1466,"column":49}},"686":{"start":{"line":1470,"column":4},"end":{"line":1485,"column":7}},"687":{"start":{"line":1471,"column":22},"end":{"line":1480,"column":7}},"688":{"start":{"line":1481,"column":22},"end":{"line":1481,"column":24}},"689":{"start":{"line":1482,"column":6},"end":{"line":1484,"column":53}},"690":{"start":{"line":1483,"column":8},"end":{"line":1483,"column":49}},"691":{"start":{"line":1487,"column":4},"end":{"line":1502,"column":7}},"692":{"start":{"line":1488,"column":22},"end":{"line":1497,"column":7}},"693":{"start":{"line":1498,"column":22},"end":{"line":1498,"column":24}},"694":{"start":{"line":1499,"column":6},"end":{"line":1501,"column":51}},"695":{"start":{"line":1500,"column":8},"end":{"line":1500,"column":49}},"696":{"start":{"line":1505,"column":2},"end":{"line":1511,"column":4}},"697":{"start":{"line":1506,"column":4},"end":{"line":1510,"column":40}},"698":{"start":{"line":1510,"column":18},"end":{"line":1510,"column":39}}},"fnMap":{"0":{"name":"(anonymous_0)","decl":{"start":{"line":22,"column":18},"end":{"line":22,"column":19}},"loc":{"start":{"line":22,"column":24},"end":{"line":1512,"column":1}},"line":22},"1":{"name":"(anonymous_1)","decl":{"start":{"line":23,"column":9},"end":{"line":23,"column":10}},"loc":{"start":{"line":23,"column":15},"end":{"line":23,"column":71}},"line":23},"2":{"name":"(anonymous_2)","decl":{"start":{"line":25,"column":13},"end":{"line":25,"column":14}},"loc":{"start":{"line":26,"column":4},"end":{"line":26,"column":77}},"line":26},"3":{"name":"(anonymous_3)","decl":{"start":{"line":30,"column":32},"end":{"line":30,"column":33}},"loc":{"start":{"line":30,"column":38},"end":{"line":541,"column":5}},"line":30},"4":{"name":"(anonymous_4)","decl":{"start":{"line":38,"column":41},"end":{"line":38,"column":42}},"loc":{"start":{"line":38,"column":53},"end":{"line":60,"column":7}},"line":38},"5":{"name":"(anonymous_5)","decl":{"start":{"line":62,"column":42},"end":{"line":62,"column":43}},"loc":{"start":{"line":62,"column":48},"end":{"line":80,"column":7}},"line":62},"6":{"name":"(anonymous_6)","decl":{"start":{"line":70,"column":15},"end":{"line":70,"column":16}},"loc":{"start":{"line":70,"column":21},"end":{"line":79,"column":9}},"line":70},"7":{"name":"(anonymous_7)","decl":{"start":{"line":82,"column":40},"end":{"line":82,"column":41}},"loc":{"start":{"line":82,"column":46},"end":{"line":100,"column":7}},"line":82},"8":{"name":"(anonymous_8)","decl":{"start":{"line":90,"column":15},"end":{"line":90,"column":16}},"loc":{"start":{"line":90,"column":21},"end":{"line":99,"column":9}},"line":90},"9":{"name":"(anonymous_9)","decl":{"start":{"line":102,"column":40},"end":{"line":102,"column":41}},"loc":{"start":{"line":102,"column":46},"end":{"line":120,"column":7}},"line":102},"10":{"name":"(anonymous_10)","decl":{"start":{"line":110,"column":15},"end":{"line":110,"column":16}},"loc":{"start":{"line":110,"column":21},"end":{"line":119,"column":9}},"line":110},"11":{"name":"(anonymous_11)","decl":{"start":{"line":122,"column":39},"end":{"line":122,"column":40}},"loc":{"start":{"line":122,"column":45},"end":{"line":140,"column":7}},"line":122},"12":{"name":"(anonymous_12)","decl":{"start":{"line":130,"column":15},"end":{"line":130,"column":16}},"loc":{"start":{"line":130,"column":21},"end":{"line":139,"column":9}},"line":130},"13":{"name":"(anonymous_13)","decl":{"start":{"line":142,"column":38},"end":{"line":142,"column":39}},"loc":{"start":{"line":142,"column":44},"end":{"line":160,"column":7}},"line":142},"14":{"name":"(anonymous_14)","decl":{"start":{"line":150,"column":15},"end":{"line":150,"column":16}},"loc":{"start":{"line":150,"column":21},"end":{"line":159,"column":9}},"line":150},"15":{"name":"(anonymous_15)","decl":{"start":{"line":162,"column":38},"end":{"line":162,"column":39}},"loc":{"start":{"line":162,"column":44},"end":{"line":180,"column":7}},"line":162},"16":{"name":"(anonymous_16)","decl":{"start":{"line":170,"column":15},"end":{"line":170,"column":16}},"loc":{"start":{"line":170,"column":21},"end":{"line":179,"column":9}},"line":170},"17":{"name":"(anonymous_17)","decl":{"start":{"line":182,"column":45},"end":{"line":182,"column":46}},"loc":{"start":{"line":182,"column":51},"end":{"line":200,"column":7}},"line":182},"18":{"name":"(anonymous_18)","decl":{"start":{"line":190,"column":15},"end":{"line":190,"column":16}},"loc":{"start":{"line":190,"column":21},"end":{"line":199,"column":9}},"line":190},"19":{"name":"(anonymous_19)","decl":{"start":{"line":202,"column":43},"end":{"line":202,"column":44}},"loc":{"start":{"line":202,"column":49},"end":{"line":220,"column":7}},"line":202},"20":{"name":"(anonymous_20)","decl":{"start":{"line":210,"column":15},"end":{"line":210,"column":16}},"loc":{"start":{"line":210,"column":21},"end":{"line":219,"column":9}},"line":210},"21":{"name":"(anonymous_21)","decl":{"start":{"line":222,"column":43},"end":{"line":222,"column":44}},"loc":{"start":{"line":222,"column":49},"end":{"line":240,"column":7}},"line":222},"22":{"name":"(anonymous_22)","decl":{"start":{"line":230,"column":15},"end":{"line":230,"column":16}},"loc":{"start":{"line":230,"column":21},"end":{"line":239,"column":9}},"line":230},"23":{"name":"(anonymous_23)","decl":{"start":{"line":242,"column":42},"end":{"line":242,"column":43}},"loc":{"start":{"line":242,"column":48},"end":{"line":260,"column":7}},"line":242},"24":{"name":"(anonymous_24)","decl":{"start":{"line":250,"column":15},"end":{"line":250,"column":16}},"loc":{"start":{"line":250,"column":21},"end":{"line":259,"column":9}},"line":250},"25":{"name":"(anonymous_25)","decl":{"start":{"line":262,"column":41},"end":{"line":262,"column":42}},"loc":{"start":{"line":262,"column":47},"end":{"line":280,"column":7}},"line":262},"26":{"name":"(anonymous_26)","decl":{"start":{"line":270,"column":15},"end":{"line":270,"column":16}},"loc":{"start":{"line":270,"column":21},"end":{"line":279,"column":9}},"line":270},"27":{"name":"(anonymous_27)","decl":{"start":{"line":282,"column":41},"end":{"line":282,"column":42}},"loc":{"start":{"line":282,"column":47},"end":{"line":300,"column":7}},"line":282},"28":{"name":"(anonymous_28)","decl":{"start":{"line":290,"column":15},"end":{"line":290,"column":16}},"loc":{"start":{"line":290,"column":21},"end":{"line":299,"column":9}},"line":290},"29":{"name":"(anonymous_29)","decl":{"start":{"line":302,"column":43},"end":{"line":302,"column":44}},"loc":{"start":{"line":302,"column":49},"end":{"line":320,"column":7}},"line":302},"30":{"name":"(anonymous_30)","decl":{"start":{"line":310,"column":15},"end":{"line":310,"column":16}},"loc":{"start":{"line":310,"column":21},"end":{"line":319,"column":9}},"line":310},"31":{"name":"(anonymous_31)","decl":{"start":{"line":322,"column":41},"end":{"line":322,"column":42}},"loc":{"start":{"line":322,"column":47},"end":{"line":340,"column":7}},"line":322},"32":{"name":"(anonymous_32)","decl":{"start":{"line":330,"column":15},"end":{"line":330,"column":16}},"loc":{"start":{"line":330,"column":21},"end":{"line":339,"column":9}},"line":330},"33":{"name":"(anonymous_33)","decl":{"start":{"line":342,"column":41},"end":{"line":342,"column":42}},"loc":{"start":{"line":342,"column":47},"end":{"line":360,"column":7}},"line":342},"34":{"name":"(anonymous_34)","decl":{"start":{"line":350,"column":15},"end":{"line":350,"column":16}},"loc":{"start":{"line":350,"column":21},"end":{"line":359,"column":9}},"line":350},"35":{"name":"(anonymous_35)","decl":{"start":{"line":362,"column":40},"end":{"line":362,"column":41}},"loc":{"start":{"line":362,"column":46},"end":{"line":380,"column":7}},"line":362},"36":{"name":"(anonymous_36)","decl":{"start":{"line":370,"column":15},"end":{"line":370,"column":16}},"loc":{"start":{"line":370,"column":21},"end":{"line":379,"column":9}},"line":370},"37":{"name":"(anonymous_37)","decl":{"start":{"line":382,"column":39},"end":{"line":382,"column":40}},"loc":{"start":{"line":382,"column":45},"end":{"line":400,"column":7}},"line":382},"38":{"name":"(anonymous_38)","decl":{"start":{"line":390,"column":15},"end":{"line":390,"column":16}},"loc":{"start":{"line":390,"column":21},"end":{"line":399,"column":9}},"line":390},"39":{"name":"(anonymous_39)","decl":{"start":{"line":402,"column":39},"end":{"line":402,"column":40}},"loc":{"start":{"line":402,"column":45},"end":{"line":420,"column":7}},"line":402},"40":{"name":"(anonymous_40)","decl":{"start":{"line":410,"column":15},"end":{"line":410,"column":16}},"loc":{"start":{"line":410,"column":21},"end":{"line":419,"column":9}},"line":410},"41":{"name":"(anonymous_41)","decl":{"start":{"line":422,"column":46},"end":{"line":422,"column":47}},"loc":{"start":{"line":422,"column":52},"end":{"line":440,"column":7}},"line":422},"42":{"name":"(anonymous_42)","decl":{"start":{"line":430,"column":15},"end":{"line":430,"column":16}},"loc":{"start":{"line":430,"column":21},"end":{"line":439,"column":9}},"line":430},"43":{"name":"(anonymous_43)","decl":{"start":{"line":442,"column":44},"end":{"line":442,"column":45}},"loc":{"start":{"line":442,"column":50},"end":{"line":460,"column":7}},"line":442},"44":{"name":"(anonymous_44)","decl":{"start":{"line":450,"column":15},"end":{"line":450,"column":16}},"loc":{"start":{"line":450,"column":21},"end":{"line":459,"column":9}},"line":450},"45":{"name":"(anonymous_45)","decl":{"start":{"line":462,"column":44},"end":{"line":462,"column":45}},"loc":{"start":{"line":462,"column":50},"end":{"line":480,"column":7}},"line":462},"46":{"name":"(anonymous_46)","decl":{"start":{"line":470,"column":15},"end":{"line":470,"column":16}},"loc":{"start":{"line":470,"column":21},"end":{"line":479,"column":9}},"line":470},"47":{"name":"(anonymous_47)","decl":{"start":{"line":482,"column":43},"end":{"line":482,"column":44}},"loc":{"start":{"line":482,"column":49},"end":{"line":500,"column":7}},"line":482},"48":{"name":"(anonymous_48)","decl":{"start":{"line":490,"column":15},"end":{"line":490,"column":16}},"loc":{"start":{"line":490,"column":21},"end":{"line":499,"column":9}},"line":490},"49":{"name":"(anonymous_49)","decl":{"start":{"line":502,"column":42},"end":{"line":502,"column":43}},"loc":{"start":{"line":502,"column":48},"end":{"line":520,"column":7}},"line":502},"50":{"name":"(anonymous_50)","decl":{"start":{"line":510,"column":15},"end":{"line":510,"column":16}},"loc":{"start":{"line":510,"column":21},"end":{"line":519,"column":9}},"line":510},"51":{"name":"(anonymous_51)","decl":{"start":{"line":522,"column":42},"end":{"line":522,"column":43}},"loc":{"start":{"line":522,"column":48},"end":{"line":540,"column":7}},"line":522},"52":{"name":"(anonymous_52)","decl":{"start":{"line":530,"column":15},"end":{"line":530,"column":16}},"loc":{"start":{"line":530,"column":21},"end":{"line":539,"column":9}},"line":530},"53":{"name":"(anonymous_53)","decl":{"start":{"line":544,"column":36},"end":{"line":544,"column":37}},"loc":{"start":{"line":544,"column":42},"end":{"line":677,"column":5}},"line":544},"54":{"name":"(anonymous_54)","decl":{"start":{"line":552,"column":17},"end":{"line":552,"column":18}},"loc":{"start":{"line":553,"column":8},"end":{"line":562,"column":9}},"line":553},"55":{"name":"(anonymous_55)","decl":{"start":{"line":553,"column":39},"end":{"line":553,"column":40}},"loc":{"start":{"line":554,"column":10},"end":{"line":561,"column":12}},"line":554},"56":{"name":"(anonymous_56)","decl":{"start":{"line":565,"column":50},"end":{"line":565,"column":51}},"loc":{"start":{"line":566,"column":8},"end":{"line":568,"column":47}},"line":566},"57":{"name":"(anonymous_57)","decl":{"start":{"line":568,"column":16},"end":{"line":568,"column":17}},"loc":{"start":{"line":568,"column":22},"end":{"line":568,"column":46}},"line":568},"58":{"name":"(anonymous_58)","decl":{"start":{"line":570,"column":43},"end":{"line":570,"column":44}},"loc":{"start":{"line":570,"column":49},"end":{"line":577,"column":7}},"line":570},"59":{"name":"(anonymous_59)","decl":{"start":{"line":574,"column":15},"end":{"line":574,"column":16}},"loc":{"start":{"line":574,"column":21},"end":{"line":576,"column":9}},"line":574},"60":{"name":"(anonymous_60)","decl":{"start":{"line":579,"column":41},"end":{"line":579,"column":42}},"loc":{"start":{"line":579,"column":47},"end":{"line":586,"column":7}},"line":579},"61":{"name":"(anonymous_61)","decl":{"start":{"line":583,"column":15},"end":{"line":583,"column":16}},"loc":{"start":{"line":583,"column":21},"end":{"line":585,"column":9}},"line":583},"62":{"name":"(anonymous_62)","decl":{"start":{"line":588,"column":41},"end":{"line":588,"column":42}},"loc":{"start":{"line":588,"column":47},"end":{"line":595,"column":7}},"line":588},"63":{"name":"(anonymous_63)","decl":{"start":{"line":592,"column":15},"end":{"line":592,"column":16}},"loc":{"start":{"line":592,"column":21},"end":{"line":594,"column":9}},"line":592},"64":{"name":"(anonymous_64)","decl":{"start":{"line":597,"column":40},"end":{"line":597,"column":41}},"loc":{"start":{"line":597,"column":46},"end":{"line":604,"column":7}},"line":597},"65":{"name":"(anonymous_65)","decl":{"start":{"line":601,"column":15},"end":{"line":601,"column":16}},"loc":{"start":{"line":601,"column":21},"end":{"line":603,"column":9}},"line":601},"66":{"name":"(anonymous_66)","decl":{"start":{"line":606,"column":39},"end":{"line":606,"column":40}},"loc":{"start":{"line":606,"column":45},"end":{"line":613,"column":7}},"line":606},"67":{"name":"(anonymous_67)","decl":{"start":{"line":610,"column":15},"end":{"line":610,"column":16}},"loc":{"start":{"line":610,"column":21},"end":{"line":612,"column":9}},"line":610},"68":{"name":"(anonymous_68)","decl":{"start":{"line":615,"column":39},"end":{"line":615,"column":40}},"loc":{"start":{"line":615,"column":45},"end":{"line":622,"column":7}},"line":615},"69":{"name":"(anonymous_69)","decl":{"start":{"line":619,"column":15},"end":{"line":619,"column":16}},"loc":{"start":{"line":619,"column":21},"end":{"line":621,"column":9}},"line":619},"70":{"name":"(anonymous_70)","decl":{"start":{"line":624,"column":46},"end":{"line":624,"column":47}},"loc":{"start":{"line":624,"column":52},"end":{"line":631,"column":7}},"line":624},"71":{"name":"(anonymous_71)","decl":{"start":{"line":628,"column":15},"end":{"line":628,"column":16}},"loc":{"start":{"line":628,"column":21},"end":{"line":630,"column":9}},"line":628},"72":{"name":"(anonymous_72)","decl":{"start":{"line":633,"column":44},"end":{"line":633,"column":45}},"loc":{"start":{"line":633,"column":50},"end":{"line":640,"column":7}},"line":633},"73":{"name":"(anonymous_73)","decl":{"start":{"line":637,"column":15},"end":{"line":637,"column":16}},"loc":{"start":{"line":637,"column":21},"end":{"line":639,"column":9}},"line":637},"74":{"name":"(anonymous_74)","decl":{"start":{"line":642,"column":44},"end":{"line":642,"column":45}},"loc":{"start":{"line":642,"column":50},"end":{"line":649,"column":7}},"line":642},"75":{"name":"(anonymous_75)","decl":{"start":{"line":646,"column":15},"end":{"line":646,"column":16}},"loc":{"start":{"line":646,"column":21},"end":{"line":648,"column":9}},"line":646},"76":{"name":"(anonymous_76)","decl":{"start":{"line":651,"column":43},"end":{"line":651,"column":44}},"loc":{"start":{"line":651,"column":49},"end":{"line":658,"column":7}},"line":651},"77":{"name":"(anonymous_77)","decl":{"start":{"line":655,"column":15},"end":{"line":655,"column":16}},"loc":{"start":{"line":655,"column":21},"end":{"line":657,"column":9}},"line":655},"78":{"name":"(anonymous_78)","decl":{"start":{"line":660,"column":42},"end":{"line":660,"column":43}},"loc":{"start":{"line":660,"column":48},"end":{"line":667,"column":7}},"line":660},"79":{"name":"(anonymous_79)","decl":{"start":{"line":664,"column":15},"end":{"line":664,"column":16}},"loc":{"start":{"line":664,"column":21},"end":{"line":666,"column":9}},"line":664},"80":{"name":"(anonymous_80)","decl":{"start":{"line":669,"column":42},"end":{"line":669,"column":43}},"loc":{"start":{"line":669,"column":48},"end":{"line":676,"column":7}},"line":669},"81":{"name":"(anonymous_81)","decl":{"start":{"line":673,"column":15},"end":{"line":673,"column":16}},"loc":{"start":{"line":673,"column":21},"end":{"line":675,"column":9}},"line":673},"82":{"name":"(anonymous_82)","decl":{"start":{"line":680,"column":33},"end":{"line":680,"column":34}},"loc":{"start":{"line":680,"column":39},"end":{"line":718,"column":5}},"line":680},"83":{"name":"(anonymous_83)","decl":{"start":{"line":681,"column":50},"end":{"line":681,"column":51}},"loc":{"start":{"line":681,"column":56},"end":{"line":709,"column":7}},"line":681},"84":{"name":"(anonymous_84)","decl":{"start":{"line":682,"column":16},"end":{"line":682,"column":17}},"loc":{"start":{"line":682,"column":28},"end":{"line":708,"column":9}},"line":682},"85":{"name":"(anonymous_85)","decl":{"start":{"line":711,"column":40},"end":{"line":711,"column":41}},"loc":{"start":{"line":711,"column":52},"end":{"line":717,"column":7}},"line":711},"86":{"name":"(anonymous_86)","decl":{"start":{"line":721,"column":30},"end":{"line":721,"column":31}},"loc":{"start":{"line":721,"column":36},"end":{"line":796,"column":5}},"line":721},"87":{"name":"(anonymous_87)","decl":{"start":{"line":722,"column":50},"end":{"line":722,"column":51}},"loc":{"start":{"line":722,"column":56},"end":{"line":745,"column":7}},"line":722},"88":{"name":"(anonymous_88)","decl":{"start":{"line":723,"column":16},"end":{"line":723,"column":17}},"loc":{"start":{"line":723,"column":28},"end":{"line":744,"column":9}},"line":723},"89":{"name":"(anonymous_89)","decl":{"start":{"line":747,"column":46},"end":{"line":747,"column":47}},"loc":{"start":{"line":747,"column":58},"end":{"line":756,"column":7}},"line":747},"90":{"name":"(anonymous_90)","decl":{"start":{"line":757,"column":44},"end":{"line":757,"column":45}},"loc":{"start":{"line":757,"column":50},"end":{"line":763,"column":7}},"line":757},"91":{"name":"(anonymous_91)","decl":{"start":{"line":760,"column":15},"end":{"line":760,"column":16}},"loc":{"start":{"line":760,"column":21},"end":{"line":762,"column":9}},"line":760},"92":{"name":"(anonymous_92)","decl":{"start":{"line":765,"column":44},"end":{"line":765,"column":45}},"loc":{"start":{"line":765,"column":50},"end":{"line":771,"column":7}},"line":765},"93":{"name":"(anonymous_93)","decl":{"start":{"line":768,"column":15},"end":{"line":768,"column":16}},"loc":{"start":{"line":768,"column":21},"end":{"line":770,"column":9}},"line":768},"94":{"name":"(anonymous_94)","decl":{"start":{"line":773,"column":43},"end":{"line":773,"column":44}},"loc":{"start":{"line":773,"column":49},"end":{"line":779,"column":7}},"line":773},"95":{"name":"(anonymous_95)","decl":{"start":{"line":776,"column":15},"end":{"line":776,"column":16}},"loc":{"start":{"line":776,"column":21},"end":{"line":778,"column":9}},"line":776},"96":{"name":"(anonymous_96)","decl":{"start":{"line":781,"column":42},"end":{"line":781,"column":43}},"loc":{"start":{"line":781,"column":48},"end":{"line":787,"column":7}},"line":781},"97":{"name":"(anonymous_97)","decl":{"start":{"line":784,"column":15},"end":{"line":784,"column":16}},"loc":{"start":{"line":784,"column":21},"end":{"line":786,"column":9}},"line":784},"98":{"name":"(anonymous_98)","decl":{"start":{"line":789,"column":42},"end":{"line":789,"column":43}},"loc":{"start":{"line":789,"column":48},"end":{"line":795,"column":7}},"line":789},"99":{"name":"(anonymous_99)","decl":{"start":{"line":792,"column":15},"end":{"line":792,"column":16}},"loc":{"start":{"line":792,"column":21},"end":{"line":794,"column":9}},"line":792},"100":{"name":"(anonymous_100)","decl":{"start":{"line":799,"column":46},"end":{"line":799,"column":47}},"loc":{"start":{"line":799,"column":52},"end":{"line":853,"column":5}},"line":799},"101":{"name":"(anonymous_101)","decl":{"start":{"line":800,"column":45},"end":{"line":800,"column":46}},"loc":{"start":{"line":800,"column":57},"end":{"line":842,"column":7}},"line":800},"102":{"name":"(anonymous_102)","decl":{"start":{"line":801,"column":19},"end":{"line":801,"column":20}},"loc":{"start":{"line":801,"column":25},"end":{"line":835,"column":9}},"line":801},"103":{"name":"(anonymous_103)","decl":{"start":{"line":805,"column":18},"end":{"line":805,"column":19}},"loc":{"start":{"line":805,"column":31},"end":{"line":834,"column":11}},"line":805},"104":{"name":"(anonymous_104)","decl":{"start":{"line":810,"column":60},"end":{"line":810,"column":61}},"loc":{"start":{"line":810,"column":71},"end":{"line":829,"column":15}},"line":810},"105":{"name":"(anonymous_105)","decl":{"start":{"line":844,"column":50},"end":{"line":844,"column":51}},"loc":{"start":{"line":844,"column":62},"end":{"line":852,"column":7}},"line":844},"106":{"name":"(anonymous_106)","decl":{"start":{"line":856,"column":36},"end":{"line":856,"column":37}},"loc":{"start":{"line":856,"column":42},"end":{"line":938,"column":5}},"line":856},"107":{"name":"(anonymous_107)","decl":{"start":{"line":857,"column":45},"end":{"line":857,"column":46}},"loc":{"start":{"line":857,"column":51},"end":{"line":880,"column":7}},"line":857},"108":{"name":"(anonymous_108)","decl":{"start":{"line":858,"column":15},"end":{"line":858,"column":16}},"loc":{"start":{"line":858,"column":27},"end":{"line":879,"column":9}},"line":858},"109":{"name":"(anonymous_109)","decl":{"start":{"line":882,"column":44},"end":{"line":882,"column":45}},"loc":{"start":{"line":882,"column":56},"end":{"line":889,"column":7}},"line":882},"110":{"name":"(anonymous_110)","decl":{"start":{"line":891,"column":42},"end":{"line":891,"column":43}},"loc":{"start":{"line":891,"column":48},"end":{"line":897,"column":7}},"line":891},"111":{"name":"(anonymous_111)","decl":{"start":{"line":894,"column":15},"end":{"line":894,"column":16}},"loc":{"start":{"line":894,"column":21},"end":{"line":896,"column":9}},"line":894},"112":{"name":"(anonymous_112)","decl":{"start":{"line":899,"column":40},"end":{"line":899,"column":41}},"loc":{"start":{"line":899,"column":46},"end":{"line":905,"column":7}},"line":899},"113":{"name":"(anonymous_113)","decl":{"start":{"line":902,"column":15},"end":{"line":902,"column":16}},"loc":{"start":{"line":902,"column":21},"end":{"line":904,"column":9}},"line":902},"114":{"name":"(anonymous_114)","decl":{"start":{"line":907,"column":40},"end":{"line":907,"column":41}},"loc":{"start":{"line":907,"column":46},"end":{"line":913,"column":7}},"line":907},"115":{"name":"(anonymous_115)","decl":{"start":{"line":910,"column":15},"end":{"line":910,"column":16}},"loc":{"start":{"line":910,"column":21},"end":{"line":912,"column":9}},"line":910},"116":{"name":"(anonymous_116)","decl":{"start":{"line":915,"column":39},"end":{"line":915,"column":40}},"loc":{"start":{"line":915,"column":45},"end":{"line":921,"column":7}},"line":915},"117":{"name":"(anonymous_117)","decl":{"start":{"line":918,"column":15},"end":{"line":918,"column":16}},"loc":{"start":{"line":918,"column":21},"end":{"line":920,"column":9}},"line":918},"118":{"name":"(anonymous_118)","decl":{"start":{"line":923,"column":38},"end":{"line":923,"column":39}},"loc":{"start":{"line":923,"column":44},"end":{"line":929,"column":7}},"line":923},"119":{"name":"(anonymous_119)","decl":{"start":{"line":926,"column":15},"end":{"line":926,"column":16}},"loc":{"start":{"line":926,"column":21},"end":{"line":928,"column":9}},"line":926},"120":{"name":"(anonymous_120)","decl":{"start":{"line":931,"column":38},"end":{"line":931,"column":39}},"loc":{"start":{"line":931,"column":44},"end":{"line":937,"column":7}},"line":931},"121":{"name":"(anonymous_121)","decl":{"start":{"line":934,"column":15},"end":{"line":934,"column":16}},"loc":{"start":{"line":934,"column":21},"end":{"line":936,"column":9}},"line":934},"122":{"name":"(anonymous_122)","decl":{"start":{"line":941,"column":46},"end":{"line":941,"column":47}},"loc":{"start":{"line":941,"column":52},"end":{"line":1037,"column":5}},"line":941},"123":{"name":"(anonymous_123)","decl":{"start":{"line":942,"column":45},"end":{"line":942,"column":46}},"loc":{"start":{"line":942,"column":57},"end":{"line":1025,"column":7}},"line":942},"124":{"name":"(anonymous_124)","decl":{"start":{"line":943,"column":19},"end":{"line":943,"column":20}},"loc":{"start":{"line":943,"column":25},"end":{"line":1015,"column":9}},"line":943},"125":{"name":"(anonymous_125)","decl":{"start":{"line":947,"column":18},"end":{"line":947,"column":19}},"loc":{"start":{"line":947,"column":31},"end":{"line":1014,"column":11}},"line":947},"126":{"name":"(anonymous_126)","decl":{"start":{"line":952,"column":50},"end":{"line":952,"column":51}},"loc":{"start":{"line":952,"column":61},"end":{"line":1008,"column":15}},"line":952},"127":{"name":"(anonymous_127)","decl":{"start":{"line":1039,"column":26},"end":{"line":1039,"column":27}},"loc":{"start":{"line":1039,"column":32},"end":{"line":1101,"column":3}},"line":1039},"128":{"name":"(anonymous_128)","decl":{"start":{"line":1040,"column":43},"end":{"line":1040,"column":44}},"loc":{"start":{"line":1040,"column":55},"end":{"line":1089,"column":5}},"line":1040},"129":{"name":"(anonymous_129)","decl":{"start":{"line":1077,"column":43},"end":{"line":1077,"column":44}},"loc":{"start":{"line":1077,"column":54},"end":{"line":1077,"column":79}},"line":1077},"130":{"name":"(anonymous_130)","decl":{"start":{"line":1104,"column":43},"end":{"line":1104,"column":44}},"loc":{"start":{"line":1104,"column":49},"end":{"line":1223,"column":5}},"line":1104},"131":{"name":"(anonymous_131)","decl":{"start":{"line":1105,"column":56},"end":{"line":1105,"column":57}},"loc":{"start":{"line":1105,"column":68},"end":{"line":1124,"column":7}},"line":1105},"132":{"name":"(anonymous_132)","decl":{"start":{"line":1126,"column":79},"end":{"line":1126,"column":80}},"loc":{"start":{"line":1126,"column":91},"end":{"line":1142,"column":7}},"line":1126},"133":{"name":"(anonymous_133)","decl":{"start":{"line":1144,"column":44},"end":{"line":1144,"column":45}},"loc":{"start":{"line":1144,"column":50},"end":{"line":1150,"column":7}},"line":1144},"134":{"name":"(anonymous_134)","decl":{"start":{"line":1147,"column":15},"end":{"line":1147,"column":16}},"loc":{"start":{"line":1147,"column":21},"end":{"line":1149,"column":9}},"line":1147},"135":{"name":"(anonymous_135)","decl":{"start":{"line":1152,"column":44},"end":{"line":1152,"column":45}},"loc":{"start":{"line":1152,"column":50},"end":{"line":1158,"column":7}},"line":1152},"136":{"name":"(anonymous_136)","decl":{"start":{"line":1155,"column":15},"end":{"line":1155,"column":16}},"loc":{"start":{"line":1155,"column":21},"end":{"line":1157,"column":9}},"line":1155},"137":{"name":"(anonymous_137)","decl":{"start":{"line":1160,"column":43},"end":{"line":1160,"column":44}},"loc":{"start":{"line":1160,"column":49},"end":{"line":1166,"column":7}},"line":1160},"138":{"name":"(anonymous_138)","decl":{"start":{"line":1163,"column":15},"end":{"line":1163,"column":16}},"loc":{"start":{"line":1163,"column":21},"end":{"line":1165,"column":9}},"line":1163},"139":{"name":"(anonymous_139)","decl":{"start":{"line":1168,"column":42},"end":{"line":1168,"column":43}},"loc":{"start":{"line":1168,"column":48},"end":{"line":1174,"column":7}},"line":1168},"140":{"name":"(anonymous_140)","decl":{"start":{"line":1171,"column":15},"end":{"line":1171,"column":16}},"loc":{"start":{"line":1171,"column":21},"end":{"line":1173,"column":9}},"line":1171},"141":{"name":"(anonymous_141)","decl":{"start":{"line":1176,"column":42},"end":{"line":1176,"column":43}},"loc":{"start":{"line":1176,"column":48},"end":{"line":1182,"column":7}},"line":1176},"142":{"name":"(anonymous_142)","decl":{"start":{"line":1179,"column":15},"end":{"line":1179,"column":16}},"loc":{"start":{"line":1179,"column":21},"end":{"line":1181,"column":9}},"line":1179},"143":{"name":"(anonymous_143)","decl":{"start":{"line":1184,"column":43},"end":{"line":1184,"column":44}},"loc":{"start":{"line":1184,"column":49},"end":{"line":1190,"column":7}},"line":1184},"144":{"name":"(anonymous_144)","decl":{"start":{"line":1187,"column":15},"end":{"line":1187,"column":16}},"loc":{"start":{"line":1187,"column":21},"end":{"line":1189,"column":9}},"line":1187},"145":{"name":"(anonymous_145)","decl":{"start":{"line":1192,"column":43},"end":{"line":1192,"column":44}},"loc":{"start":{"line":1192,"column":49},"end":{"line":1198,"column":7}},"line":1192},"146":{"name":"(anonymous_146)","decl":{"start":{"line":1195,"column":15},"end":{"line":1195,"column":16}},"loc":{"start":{"line":1195,"column":21},"end":{"line":1197,"column":9}},"line":1195},"147":{"name":"(anonymous_147)","decl":{"start":{"line":1200,"column":42},"end":{"line":1200,"column":43}},"loc":{"start":{"line":1200,"column":48},"end":{"line":1206,"column":7}},"line":1200},"148":{"name":"(anonymous_148)","decl":{"start":{"line":1203,"column":15},"end":{"line":1203,"column":16}},"loc":{"start":{"line":1203,"column":21},"end":{"line":1205,"column":9}},"line":1203},"149":{"name":"(anonymous_149)","decl":{"start":{"line":1208,"column":41},"end":{"line":1208,"column":42}},"loc":{"start":{"line":1208,"column":47},"end":{"line":1214,"column":7}},"line":1208},"150":{"name":"(anonymous_150)","decl":{"start":{"line":1211,"column":15},"end":{"line":1211,"column":16}},"loc":{"start":{"line":1211,"column":21},"end":{"line":1213,"column":9}},"line":1211},"151":{"name":"(anonymous_151)","decl":{"start":{"line":1216,"column":41},"end":{"line":1216,"column":42}},"loc":{"start":{"line":1216,"column":47},"end":{"line":1222,"column":7}},"line":1216},"152":{"name":"(anonymous_152)","decl":{"start":{"line":1219,"column":15},"end":{"line":1219,"column":16}},"loc":{"start":{"line":1219,"column":21},"end":{"line":1221,"column":9}},"line":1219},"153":{"name":"(anonymous_153)","decl":{"start":{"line":1225,"column":44},"end":{"line":1225,"column":45}},"loc":{"start":{"line":1225,"column":50},"end":{"line":1352,"column":3}},"line":1225},"154":{"name":"(anonymous_154)","decl":{"start":{"line":1226,"column":55},"end":{"line":1226,"column":56}},"loc":{"start":{"line":1226,"column":67},"end":{"line":1253,"column":5
[...]
}},"130":{"start":{"line":304,"column":6},"end":{"line":307,"column":8}},"131":{"start":{"line":308,"column":20},"end":{"line":308,"column":52}},"132":{"start":{"line":309,"column":6},"end":{"line":314,"column":7}},"133":{"start":{"line":310,"column":8},"end":{"line":310,"column":68}},"134":{"start":{"line":312,"column":8},"end":{"line":312,"column":46}},"135":{"start":{"line":313,"column":8},"end":{"line":313,"column":27}},"136":{"start":{"line":319,"column":4},"end":{"line":319,"column":80}},"137":{"start":{"line":319,"column":38},"end":{"line":319,"column":80}},"138":{"start":{"line":320,"column":4},"end":{"line":320,"column":73}},"139":{"start":{"line":320,"column":33},"end":{"line":320,"column":73}},"140":{"start":{"line":322,"column":4},"end":{"line":322,"column":78}},"141":{"start":{"line":322,"column":37},"end":{"line":322,"column":78}},"142":{"start":{"line":323,"column":4},"end":{"line":323,"column":71}},"143":{"start":{"line":323,"column":32},"end":{"line":323,"column":71}},"144":{"start":{"line":325,"column":4},"end":{"line":340,"column":9}},"145":{"start":{"line":326,"column":21},"end":{"line":326,"column":52}},"146":{"start":{"line":327,"column":20},"end":{"line":327,"column":56}},"147":{"start":{"line":328,"column":6},"end":{"line":328,"column":43}},"148":{"start":{"line":329,"column":6},"end":{"line":329,"column":26}},"149":{"start":{"line":331,"column":20},"end":{"line":331,"column":52}},"150":{"start":{"line":332,"column":6},"end":{"line":339,"column":7}},"151":{"start":{"line":333,"column":8},"end":{"line":333,"column":44}},"152":{"start":{"line":335,"column":22},"end":{"line":335,"column":54}},"153":{"start":{"line":336,"column":22},"end":{"line":336,"column":68}},"154":{"start":{"line":337,"column":8},"end":{"line":337,"column":48}},"155":{"start":{"line":338,"column":8},"end":{"line":338,"column":27}},"156":{"start":{"line":344,"column":4},"end":{"line":344,"column":78}},"157":{"start":{"line":344,"column":37},"end":{"line":344,"column":78}},"158":{"start":{"line":346,"column":4},"end":{"line":346,"column":78}},"159":{"start":{"line":346,"column":37},"end":{"line":346,"column":78}},"160":{"start":{"line":347,"column":4},"end":{"line":347,"column":71}},"161":{"start":{"line":347,"column":32},"end":{"line":347,"column":71}},"162":{"start":{"line":349,"column":4},"end":{"line":368,"column":9}},"163":{"start":{"line":350,"column":20},"end":{"line":350,"column":52}},"164":{"start":{"line":351,"column":6},"end":{"line":367,"column":7}},"165":{"start":{"line":352,"column":8},"end":{"line":357,"column":11}},"166":{"start":{"line":359,"column":8},"end":{"line":366,"column":10}},"167":{"start":{"line":372,"column":0},"end":{"line":372,"column":23}}},"fnMap":{"0":{"name":"(anonymous_0)","decl":{"start":{"line":29,"column":2},"end":{"line":29,"column":3}},"loc":{"start":{"line":37,"column":4},"end":{"line":84,"column":3}},"line":37},"1":{"name":"(anonymous_1)","decl":{"start":{"line":52,"column":12},"end":{"line":52,"column":13}},"loc":{"start":{"line":52,"column":24},"end":{"line":83,"column":5}},"line":52},"2":{"name":"(anonymous_2)","decl":{"start":{"line":92,"column":2},"end":{"line":92,"column":3}},"loc":{"start":{"line":92,"column":38},"end":{"line":113,"column":3}},"line":92},"3":{"name":"(anonymous_3)","decl":{"start":{"line":102,"column":12},"end":{"line":102,"column":13}},"loc":{"start":{"line":102,"column":24},"end":{"line":112,"column":5}},"line":102},"4":{"name":"(anonymous_4)","decl":{"start":{"line":115,"column":2},"end":{"line":115,"column":3}},"loc":{"start":{"line":115,"column":20},"end":{"line":121,"column":3}},"line":115},"5":{"name":"(anonymous_5)","decl":{"start":{"line":116,"column":12},"end":{"line":116,"column":13}},"loc":{"start":{"line":116,"column":24},"end":{"line":120,"column":5}},"line":116},"6":{"name":"(anonymous_6)","decl":{"start":{"line":123,"column":2},"end":{"line":123,"column":3}},"loc":{"start":{"line":123,"column":26},"end":{"line":132,"column":3}},"line":123},"7":{"name":"(anonymous_7)","decl":{"start":{"line":127,"column":12},"end":{"line":127,"column":13}},"loc":{"start":{"line":127,"column":24},"end":{"line":131,"column":5}},"line":127},"8":{"name":"(anonymous_8)","decl":{"start":{"line":134,"column":2},"end":{"line":134,"column":3}},"loc":{"start":{"line":134,"column":27},"end":{"line":169,"column":3}},"line":134},"9":{"name":"(anonymous_9)","decl":{"start":{"line":138,"column":12},"end":{"line":138,"column":13}},"loc":{"start":{"line":138,"column":25},"end":{"line":168,"column":5}},"line":138},"10":{"name":"(anonymous_10)","decl":{"start":{"line":144,"column":54},"end":{"line":144,"column":55}},"loc":{"start":{"line":144,"column":65},"end":{"line":163,"column":9}},"line":144},"11":{"name":"(anonymous_11)","decl":{"start":{"line":171,"column":2},"end":{"line":171,"column":3}},"loc":{"start":{"line":171,"column":24},"end":{"line":186,"column":3}},"line":171},"12":{"name":"(anonymous_12)","decl":{"start":{"line":175,"column":46},"end":{"line":175,"column":47}},"loc":{"start":{"line":175,"column":58},"end":{"line":185,"column":5}},"line":175},"13":{"name":"(anonymous_13)","decl":{"start":{"line":176,"column":45},"end":{"line":176,"column":46}},"loc":{"start":{"line":176,"column":55},"end":{"line":176,"column":75}},"line":176},"14":{"name":"(anonymous_14)","decl":{"start":{"line":188,"column":2},"end":{"line":188,"column":3}},"loc":{"start":{"line":188,"column":29},"end":{"line":253,"column":3}},"line":188},"15":{"name":"(anonymous_15)","decl":{"start":{"line":192,"column":12},"end":{"line":192,"column":13}},"loc":{"start":{"line":192,"column":25},"end":{"line":252,"column":5}},"line":192},"16":{"name":"(anonymous_16)","decl":{"start":{"line":198,"column":44},"end":{"line":198,"column":45}},"loc":{"start":{"line":198,"column":55},"end":{"line":246,"column":9}},"line":198},"17":{"name":"(anonymous_17)","decl":{"start":{"line":255,"column":2},"end":{"line":255,"column":3}},"loc":{"start":{"line":255,"column":23},"end":{"line":294,"column":3}},"line":255},"18":{"name":"(anonymous_18)","decl":{"start":{"line":256,"column":12},"end":{"line":256,"column":13}},"loc":{"start":{"line":256,"column":24},"end":{"line":293,"column":5}},"line":256},"19":{"name":"(anonymous_19)","decl":{"start":{"line":258,"column":39},"end":{"line":258,"column":40}},"loc":{"start":{"line":258,"column":63},"end":{"line":291,"column":7}},"line":258},"20":{"name":"(anonymous_20)","decl":{"start":{"line":292,"column":40},"end":{"line":292,"column":41}},"loc":{"start":{"line":292,"column":52},"end":{"line":292,"column":60}},"line":292},"21":{"name":"(anonymous_21)","decl":{"start":{"line":296,"column":2},"end":{"line":296,"column":3}},"loc":{"start":{"line":296,"column":43},"end":{"line":316,"column":3}},"line":296},"22":{"name":"(anonymous_22)","decl":{"start":{"line":303,"column":12},"end":{"line":303,"column":13}},"loc":{"start":{"line":303,"column":24},"end":{"line":315,"column":5}},"line":303},"23":{"name":"(anonymous_23)","decl":{"start":{"line":318,"column":2},"end":{"line":318,"column":3}},"loc":{"start":{"line":318,"column":46},"end":{"line":341,"column":3}},"line":318},"24":{"name":"(anonymous_24)","decl":{"start":{"line":325,"column":12},"end":{"line":325,"column":13}},"loc":{"start":{"line":325,"column":24},"end":{"line":340,"column":5}},"line":325},"25":{"name":"(anonymous_25)","decl":{"start":{"line":343,"column":2},"end":{"line":343,"column":3}},"loc":{"start":{"line":343,"column":37},"end":{"line":369,"column":3}},"line":343},"26":{"name":"(anonymous_26)","decl":{"start":{"line":349,"column":12},"end":{"line":349,"column":13}},"loc":{"start":{"line":349,"column":24},"end":{"line":368,"column":5}},"line":349}},"branchMap":{"0":{"loc":{"start":{"line":40,"column":4},"end":{"line":40,"column":75}},"type":"if","locations":[{"start":{"line":40,"column":4},"end":{"line":40,"column":75}},{"start":{"line":40,"column":4},"end":{"line":40,"column":75}}],"line":40},"1":{"loc":{"start":{"line":41,"column":4},"end":{"line":41,"column":65}},"type":"if","locations":[{"start":{"line":41,"column":4},"end":{"line":41,"column":65}},{"start":{"line":41,"column":4},"end":{"line":41,"column":65}}],"line":41},"2":{"loc":{"start":{"line":42,"column":4},"end":{"line":43,"column":50}},"type":"if","locations":[{"start":{"line":42,"column":4},"end":{"line":43,"column":50}},{"start":{"line":42,"column":4},"end":{"line":43,"column":50}}],"line":42},"3":{"loc":{"start":{"line":44,"column":4},"end":{"line":44,"column":71}},"type":"if","locations":[{"start":{"line":44,"column":4},"end":{"line":44,"column":71}},{"start":{"line":44,"column":4},"end":{"line":44,"column":71}}],"line":44},"4":{"loc":{"start":{"line":45,"column":4},"end":{"line":45,"column":77}},"type":"if","locations":[{"start":{"line":45,"column":4},"end":{"line":45,"column":77}},{"start":{"line":45,"column":4},"end":{"line":45,"column":77}}],"line":45},"5":{"loc":{"start":{"line":46,"column":4},"end":{"line":46,"column":67}},"type":"if","locations":[{"start":{"line":46,"column":4},"end":{"line":46,"column":67}},{"start":{"line":46,"column":4},"end":{"line":46,"column":67}}],"line":46},"6":{"loc":{"start":{"line":47,"column":4},"end":{"line":48,"column":51}},"type":"if","locations":[{"start":{"line":47,"column":4},"end":{"line":48,"column":51}},{"start":{"line":47,"column":4},"end":{"line":48,"column":51}}],"line":47},"7":{"loc":{"start":{"line":49,"column":4},"end":{"line":49,"column":73}},"type":"if","locations":[{"start":{"line":49,"column":4},"end":{"line":49,"column":73}},{"start":{"line":49,"column":4},"end":{"line":49,"column":73}}],"line":49},"8":{"loc":{"start":{"line":50,"column":4},"end":{"line":50,"column":75}},"type":"if","locations":[{"start":{"line":50,"column":4},"end":{"line":50,"column":75}},{"start":{"line":50,"column":4},"end":{"line":50,"column":75}}],"line":50},"9":{"loc":{"start":{"line":51,"column":4},"end":{"line":51,"column":65}},"type":"if","locations":[{"start":{"line":51,"column":4},"end":{"line":51,"column":65}},{"start":{"line":51,"column":4},"end":{"line":51,"column":65}}],"line":51},"10":{"loc":{"start":{"line":54,"column":6},"end":{"line":56,"column":7}},"type":"if","locations":[{"start":{"line":54,"column":6},"end":{"line":56,"column":7}},{"start":{"line":54,"column":6},"end":{"line":56,"column":7}}],"line":54},"11":{"loc":{"start":{"line":57,"column":6},"end":{"line":82,"column":7}},"type":"if","locations":[{"start":{"line":57,"column":6},"end":{"line":82,"column":7}},{"start":{"line":57,"column":6},"end":{"line":82,"column":7}}],"line":57},"12":{"loc":{"start":{"line":93,"column":4},"end":{"line":93,"column":77}},"type":"if","locations":[{"start":{"line":93,"column":4},"end":{"line":93,"column":77}},{"start":{"line":93,"column":4},"end":{"line":93,"column":77}}],"line":93},"13":{"loc":{"start":{"line":95,"column":4},"end":{"line":95,"column":67}},"type":"if","locations":[{"start":{"line":95,"column":4},"end":{"line":95,"column":67}},{"start":{"line":95,"column":4},"end":{"line":95,"column":67}}],"line":95},"14":{"loc":{"start":{"line":97,"column":4},"end":{"line":98,"column":51}},"type":"if","locations":[{"start":{"line":97,"column":4},"end":{"line":98,"column":51}},{"start":{"line":97,"column":4},"end":{"line":98,"column":51}}],"line":97},"15":{"loc":{"start":{"line":100,"column":4},"end":{"line":100,"column":73}},"type":"if","locations":[{"start":{"line":100,"column":4},"end":{"line":100,"column":73}},{"start":{"line":100,"column":4},"end":{"line":100,"column":73}}],"line":100},"16":{"loc":{"start":{"line":105,"column":6},"end":{"line":105,"column":71}},"type":"if","locations":[{"start":{"line":105,"column":6},"end":{"line":105,"column":71}},{"start":{"line":105,"column":6},"end":{"line":105,"column":71}}],"line":105},"17":{"loc":{"start":{"line":109,"column":6},"end":{"line":109,"column":51}},"type":"if","locations":[{"start":{"line":109,"column":6},"end":{"line":109,"column":51}},{"start":{"line":109,"column":6},"end":{"line":109,"column":51}}],"line":109},"18":{"loc":{"start":{"line":118,"column":6},"end":{"line":118,"column":64}},"type":"if","locations":[{"start":{"line":118,"column":6},"end":{"line":118,"column":64}},{"start":{"line":118,"column":6},"end":{"line":118,"column":64}}],"line":118},"19":{"loc":{"start":{"line":124,"column":4},"end":{"line":125,"column":51}},"type":"if","locations":[{"start":{"line":124,"column":4},"end":{"line":125,"column":51}},{"start":{"line":124,"column":4},"end":{"line":125,"column":51}}],"line":124},"20":{"loc":{"start":{"line":126,"column":4},"end":{"line":126,"column":73}},"type":"if","locations":[{"start":{"line":126,"column":4},"end":{"line":126,"column":73}},{"start":{"line":126,"column":4},"end":{"line":126,"column":73}}],"line":126},"21":{"loc":{"start":{"line":129,"column":6},"end":{"line":129,"column":57}},"type":"if","locations":[{"start":{"line":129,"column":6},"end":{"line":129,"column":57}},{"start":{"line":129,"column":6},"end":{"line":129,"column":57}}],"line":129},"22":{"loc":{"start":{"line":172,"column":4},"end":{"line":172,"column":75}},"type":"if","locations":[{"start":{"line":172,"column":4},"end":{"line":172,"column":75}},{"start":{"line":172,"column":4},"end":{"line":172,"column":75}}],"line":172},"23":{"loc":{"start":{"line":173,"column":4},"end":{"line":173,"column":65}},"type":"if","locations":[{"start":{"line":173,"column":4},"end":{"line":173,"column":65}},{"start":{"line":173,"column":4},"end":{"line":173,"column":65}}],"line":173},"24":{"loc":{"start":{"line":177,"column":6},"end":{"line":184,"column":7}},"type":"if","locations":[{"start":{"line":177,"column":6},"end":{"line":184,"column":7}},{"start":{"line":177,"column":6},"end":{"line":184,"column":7}}],"line":177},"25":{"loc":{"start":{"line":262,"column":8},"end":{"line":264,"column":9}},"type":"if","locations":[{"start":{"line":262,"column":8},"end":{"line":264,"column":9}},{"start":{"line":262,"column":8},"end":{"line":264,"column":9}}],"line":262},"26":{"loc":{"start":{"line":276,"column":33},"end":{"line":276,"column":68}},"type":"cond-expr","locations":[{"start":{"line":276,"column":41},"end":{"line":276,"column":63}},{"start":{"line":276,"column":66},"end":{"line":276,"column":68}}],"line":276},"27":{"loc":{"start":{"line":277,"column":30},"end":{"line":277,"column":62}},"type":"cond-expr","locations":[{"start":{"line":277,"column":38},"end":{"line":277,"column":57}},{"start":{"line":277,"column":60},"end":{"line":277,"column":62}}],"line":277},"28":{"loc":{"start":{"line":297,"column":4},"end":{"line":297,"column":80}},"type":"if","locations":[{"start":{"line":297,"column":4},"end":{"line":297,"column":80}},{"start":{"line":297,"column":4},"end":{"line":297,"column":80}}],"line":297},"29":{"loc":{"start":{"line":298,"column":4},"end":{"line":298,"column":73}},"type":"if","locations":[{"start":{"line":298,"column":4},"end":{"line":298,"column":73}},{"start":{"line":298,"column":4},"end":{"line":298,"column":73}}],"line":298},"30":{"loc":{"start":{"line":300,"column":4},"end":{"line":300,"column":78}},"type":"if","locations":[{"start":{"line":300,"column":4},"end":{"line":300,"column":78}},{"start":{"line":300,"column":4},"end":{"line":300,"column":78}}],"line":300},"31":{"loc":{"start":{"line":301,"column":4},"end":{"line":301,"column":71}},"type":"if","locations":[{"start":{"line":301,"column":4},"end":{"line":301,"column":71}},{"start":{"line":301,"column":4},"end":{"line":301,"column":71}}],"line":301},"32":{"loc":{"start":{"line":309,"column":6},"end":{"line":314,"column":7}},"type":"if","locations":[{"start":{"line":309,"column":6},"end":{"line":314,"column":7}},{"start":{"line":309,"column":6},"end":{"line":314,"column":7}}],"line":309},"33":{"loc":{"start":{"line":319,"column":4},"end":{"line":319,"column":80}},"type":"if","locations":[{"start":{"line":319,"column":4},"end":{"line":319,"column":80}},{"start":{"line":319,"column":4},"end":{"line":319,"column":80}}],"line":319},"34":{"loc":{"start":{"line":320,"column":4},"end":{"line":320,"column":73}},"type":"if","locations":[{"start":{"line":320,"column":4},"end":{"line":320,"column":73}},{"start":{"line":320,"column":4},"end":{"line":320,"column":73}}],"line":320},"35":{"loc":{"start":{"line":322,"column":4},"end":{"line":322,"column":78}},"type":"if","locations":[{"start":{"line":322,"column":4},"end":{"line":322,"column":78}},{"start":{"line":322,"column":4},"end":{"line":322,"column":78}}],"line":322},"36":{"loc":{"start":{"line":323,"column":4},"end":{"line":323,"column":71}},"type":"if","locations":[{"start":{"line":323,"column":4},"end":{"line":323,"column":71}},{"start":{"line":323,"column":4},"end":{"line":323,"column":71}}],"line":323},"37":{"loc":{"start":{"line":332,"column":6},"end":{"line":339,"column":7}},"type":"if","locations":[{"start":{"line":332,"column":6},"end":{"line":339,"column":7}},{"start":{"line":332,"column":6},"end":{"line":339,"column":7}}],"line":332},"38":{"loc":{"start":{"line":344,"column":4},"end":{"line":344,"column":78}},"type":"if","locations":[{"start":{"line":344,"column":4},"end":{"line":344,"column":78}},{"start":{"line":344,"column":4},"end":{"line":344,"column":78}}],"line":344},"39":{"loc":{"start":{"line":346,"column":4},"end":{"line":346,"column":78}},"type":"if","locations":[{"start":{"line":346,"column":4},"end":{"line":346,"column":78}},{"start":{"line":346,"column":4},"end":{"line":346,"column":78}}],"line":346},"40":{"loc":{"start":{"line":347,"column":4},"end":{"line":347,"column":71}},"type":"if","locations":[{"start":{"line":347,"column":4},"end":{"line":347,"column":71}},{"start":{"line":347,"column":4},"end":{"line":347,"column":71}}],"line":347},"41":{"loc":{"start":{"line":351,"column":6},"end":{"line":367,"column":7}},"type":"if","locations":[{"start":{"line":351,"column":6},"end":{"line":367,"column":7}},{"start":{"line":351,"column":6},"end":{"line":367,"column":7}}],"line":351}},"s":{"0":1,"1":1,"2":1,"3":1,"4":1,"5":25,"6":5,"7":20,"8":1,"9":19,"10":5,"11":14,"12":1,"13":13,"14":5,"15":8,"16":1,"17":7,"18":5,"19":2,"20":1,"21":1,"22":0,"23":1,"24":0,"25":1,"26":1,"27":1,"28":0,"29":1,"30":0,"31":0,"32":0,"33":0,"34":1,"35":1,"36":1,"37":1,"38":13,"39":5,"40":8,"41":1,"42":7,"43":5,"44":2,"45":1,"46":1,"47":1,"48":1,"49":0,"50":1,"51":1,"52":0,"53":1,"54":2,"55":2,"56":2,"57":0,"58":2,"59":7,"60":4,"61":3,"62":1,"63":2,"64":2,"65":1,"66":0,"67":1,"68":4,"69":4,"70":4,"71":4,"72":4,"73":4,"74":72,"75":72,"76":72,"77":72,"78":72,"79":4,"80":0,"81":8,"82":5,"83":3,"84":1,"85":2,"86":2,"87":36,"88":2,"89":1,"90":1,"91":2,"92":2,"93":2,"94":2,"95":2,"96":2,"97":24,"98":24,"99":24,"100":24,"101":24,"102":24,"103":24,"104":24,"105":24,"106":24,"107":2,"108":0,"109":1,"110":1,"111":1,"112":12,"113":12,"114":1,"115":12,"116":12,"117":12,"118":12,"119":1,"120":1,"121":22,"122":8,"123":14,"124":2,"125":12,"126":8,"127":4,"128":2,"129":2,"130":2,"131":2,"132":2,"133":1,"134":1,"135":1,"136":2,"137":0,"138":2,"139":0,"140":2,"141":0,"142":2,"143":0,"144":2,"145":2,"146":2,"147":2,"148":2,"149":2,"150":2,"151":1,"152":1,"153":1,"154":1,"155":1,"156":10,"157":3,"158":7,"159":4,"160":3,"161":1,"162":2,"163":2,"164":2,"165":1,"166":1,"167":1},"f":{"0":25,"1":1,"2":13,"3":1,"4":2,"5":2,"6":7,"7":2,"8":4,"9":4,"10":72,"11":8,"12":2,"13":36,"14":2,"15":2,"16":24,"17":1,"18":1,"19":12,"20":1,"21":22,"22":2,"23":2,"24":2,"25":10,"26":2},"b":{"0":[5,20],"1":[1,19],"2":[5,14],"3":[1,13],"4":[5,8],"5":[1,7],"6":[5,2],"7":[1,1],"8":[0,1],"9":[0,1],"10":[0,1],"11":[0,1],"12":[5,8],"13":[1,7],"14":[5,2],"15":[1,1],"16":[0,1],"17":[0,1],"18":[0,2],"19":[4,3],"20":[1,2],"21":[0,1],"22":[5,3],"23":[1,2],"24":[1,1],"25":[1,11],"26":[1,11],"27":[1,11],"28":[8,14],"29":[2,12],"30":[8,4],"31":[2,2],"32":[1,1],"33":[0,2],"34":[0,2],"35":[0,2],"36":[0,2],"37":[1,1],"38":[3,7],"39":[4,3],"40":[1,2],"41":[1,1]},"_coverageSchema":"43e27e138ebf9cfc5966b082cf9a028302ed4184","hash":"501362b7bdc5724497854970a38d8342bba1cd86","contentHash":"42f585a99fedf7b0a86fd0dee534b196c613ed6da8e344c14352f43b6e98d2bc"}}